CRITICAL - 2023-10-18 00:02:01 --> syntax error, unexpected '$where' (T_VARIABLE), expecting ')'
#0 C:\xampp\htdocs\pendataan_bengkel\system\Router\Router.php(175): CodeIgniter\Router\Router->autoRoute('home/add_incomi...')
#1 C:\xampp\htdocs\pendataan_bengkel\system\CodeIgniter.php(726): CodeIgniter\Router\Router->handle('home/add_incomi...')
#2 C:\xampp\htdocs\pendataan_bengkel\system\CodeIgniter.php(368): CodeIgniter\CodeIgniter->tryToRouteIt(Object(CodeIgniter\Router\RouteCollection))
#3 C:\xampp\htdocs\pendataan_bengkel\system\CodeIgniter.php(326): CodeIgniter\CodeIgniter->handleRequest(NULL, Object(Config\Cache), false)
#4 C:\xampp\htdocs\pendataan_bengkel\public\index.php(37): CodeIgniter\CodeIgniter->run()
#5 C:\xampp\htdocs\pendataan_bengkel\system\Commands\Server\rewrite.php(43): require_once('C:\\xampp\\htdocs...')
#6 {main}
CRITICAL - 2023-10-18 00:02:02 --> syntax error, unexpected '$where' (T_VARIABLE), expecting ')'
#0 C:\xampp\htdocs\pendataan_bengkel\system\Router\Router.php(175): CodeIgniter\Router\Router->autoRoute('home/incoming_i...')
#1 C:\xampp\htdocs\pendataan_bengkel\system\CodeIgniter.php(726): CodeIgniter\Router\Router->handle('home/incoming_i...')
#2 C:\xampp\htdocs\pendataan_bengkel\system\CodeIgniter.php(368): CodeIgniter\CodeIgniter->tryToRouteIt(Object(CodeIgniter\Router\RouteCollection))
#3 C:\xampp\htdocs\pendataan_bengkel\system\CodeIgniter.php(326): CodeIgniter\CodeIgniter->handleRequest(NULL, Object(Config\Cache), false)
#4 C:\xampp\htdocs\pendataan_bengkel\public\index.php(37): CodeIgniter\CodeIgniter->run()
#5 C:\xampp\htdocs\pendataan_bengkel\system\Commands\Server\rewrite.php(43): require_once('C:\\xampp\\htdocs...')
#6 {main}
CRITICAL - 2023-10-18 00:02:58 --> Invalid argument supplied for foreach()
#0 C:\xampp\htdocs\pendataan_bengkel\app\Views\incoming_items\add_incoming_items.php(13): CodeIgniter\Debug\Exceptions->errorHandler(2, 'Invalid argumen...', 'C:\\xampp\\htdocs...', 13, Array)
#1 C:\xampp\htdocs\pendataan_bengkel\system\View\View.php(210): include('C:\\xampp\\htdocs...')
#2 C:\xampp\htdocs\pendataan_bengkel\system\View\View.php(213): CodeIgniter\View\View->CodeIgniter\View\{closure}()
#3 C:\xampp\htdocs\pendataan_bengkel\system\Common.php(1089): CodeIgniter\View\View->render('incoming_items/...', Array, true)
#4 C:\xampp\htdocs\pendataan_bengkel\app\Controllers\Home.php(757): view('incoming_items/...')
#5 C:\xampp\htdocs\pendataan_bengkel\system\CodeIgniter.php(832): App\Controllers\Home->add_incoming_items()
#6 C:\xampp\htdocs\pendataan_bengkel\system\CodeIgniter.php(419): CodeIgniter\CodeIgniter->runController(Object(App\Controllers\Home))
#7 C:\xampp\htdocs\pendataan_bengkel\system\CodeIgniter.php(326): CodeIgniter\CodeIgniter->handleRequest(NULL, Object(Config\Cache), false)
#8 C:\xampp\htdocs\pendataan_bengkel\public\index.php(37): CodeIgniter\CodeIgniter->run()
#9 C:\xampp\htdocs\pendataan_bengkel\system\Commands\Server\rewrite.php(43): require_once('C:\\xampp\\htdocs...')
#10 {main}
CRITICAL - 2023-10-18 00:03:54 --> Invalid argument supplied for foreach()
#0 C:\xampp\htdocs\pendataan_bengkel\app\Views\incoming_items\add_incoming_items.php(13): CodeIgniter\Debug\Exceptions->errorHandler(2, 'Invalid argumen...', 'C:\\xampp\\htdocs...', 13, Array)
#1 C:\xampp\htdocs\pendataan_bengkel\system\View\View.php(210): include('C:\\xampp\\htdocs...')
#2 C:\xampp\htdocs\pendataan_bengkel\system\View\View.php(213): CodeIgniter\View\View->CodeIgniter\View\{closure}()
#3 C:\xampp\htdocs\pendataan_bengkel\system\Common.php(1089): CodeIgniter\View\View->render('incoming_items/...', Array, true)
#4 C:\xampp\htdocs\pendataan_bengkel\app\Controllers\Home.php(760): view('incoming_items/...')
#5 C:\xampp\htdocs\pendataan_bengkel\system\CodeIgniter.php(832): App\Controllers\Home->add_incoming_items()
#6 C:\xampp\htdocs\pendataan_bengkel\system\CodeIgniter.php(419): CodeIgniter\CodeIgniter->runController(Object(App\Controllers\Home))
#7 C:\xampp\htdocs\pendataan_bengkel\system\CodeIgniter.php(326): CodeIgniter\CodeIgniter->handleRequest(NULL, Object(Config\Cache), false)
#8 C:\xampp\htdocs\pendataan_bengkel\public\index.php(37): CodeIgniter\CodeIgniter->run()
#9 C:\xampp\htdocs\pendataan_bengkel\system\Commands\Server\rewrite.php(43): require_once('C:\\xampp\\htdocs...')
#10 {main}
CRITICAL - 2023-10-18 00:04:13 --> Invalid argument supplied for foreach()
#0 C:\xampp\htdocs\pendataan_bengkel\app\Views\incoming_items\add_incoming_items.php(13): CodeIgniter\Debug\Exceptions->errorHandler(2, 'Invalid argumen...', 'C:\\xampp\\htdocs...', 13, Array)
#1 C:\xampp\htdocs\pendataan_bengkel\system\View\View.php(210): include('C:\\xampp\\htdocs...')
#2 C:\xampp\htdocs\pendataan_bengkel\system\View\View.php(213): CodeIgniter\View\View->CodeIgniter\View\{closure}()
#3 C:\xampp\htdocs\pendataan_bengkel\system\Common.php(1089): CodeIgniter\View\View->render('incoming_items/...', Array, true)
#4 C:\xampp\htdocs\pendataan_bengkel\app\Controllers\Home.php(760): view('incoming_items/...')
#5 C:\xampp\htdocs\pendataan_bengkel\system\CodeIgniter.php(832): App\Controllers\Home->add_incoming_items()
#6 C:\xampp\htdocs\pendataan_bengkel\system\CodeIgniter.php(419): CodeIgniter\CodeIgniter->runController(Object(App\Controllers\Home))
#7 C:\xampp\htdocs\pendataan_bengkel\system\CodeIgniter.php(326): CodeIgniter\CodeIgniter->handleRequest(NULL, Object(Config\Cache), false)
#8 C:\xampp\htdocs\pendataan_bengkel\public\index.php(37): CodeIgniter\CodeIgniter->run()
#9 C:\xampp\htdocs\pendataan_bengkel\system\Commands\Server\rewrite.php(43): require_once('C:\\xampp\\htdocs...')
#10 {main}
CRITICAL - 2023-10-18 00:05:25 --> Invalid argument supplied for foreach()
#0 C:\xampp\htdocs\pendataan_bengkel\app\Views\incoming_items\add_incoming_items.php(13): CodeIgniter\Debug\Exceptions->errorHandler(2, 'Invalid argumen...', 'C:\\xampp\\htdocs...', 13, Array)
#1 C:\xampp\htdocs\pendataan_bengkel\system\View\View.php(210): include('C:\\xampp\\htdocs...')
#2 C:\xampp\htdocs\pendataan_bengkel\system\View\View.php(213): CodeIgniter\View\View->CodeIgniter\View\{closure}()
#3 C:\xampp\htdocs\pendataan_bengkel\system\Common.php(1089): CodeIgniter\View\View->render('incoming_items/...', Array, true)
#4 C:\xampp\htdocs\pendataan_bengkel\app\Controllers\Home.php(760): view('incoming_items/...')
#5 C:\xampp\htdocs\pendataan_bengkel\system\CodeIgniter.php(832): App\Controllers\Home->add_incoming_items()
#6 C:\xampp\htdocs\pendataan_bengkel\system\CodeIgniter.php(419): CodeIgniter\CodeIgniter->runController(Object(App\Controllers\Home))
#7 C:\xampp\htdocs\pendataan_bengkel\system\CodeIgniter.php(326): CodeIgniter\CodeIgniter->handleRequest(NULL, Object(Config\Cache), false)
#8 C:\xampp\htdocs\pendataan_bengkel\public\index.php(37): CodeIgniter\CodeIgniter->run()
#9 C:\xampp\htdocs\pendataan_bengkel\system\Commands\Server\rewrite.php(43): require_once('C:\\xampp\\htdocs...')
#10 {main}
CRITICAL - 2023-10-18 00:05:26 --> Invalid argument supplied for foreach()
#0 C:\xampp\htdocs\pendataan_bengkel\app\Views\incoming_items\add_incoming_items.php(13): CodeIgniter\Debug\Exceptions->errorHandler(2, 'Invalid argumen...', 'C:\\xampp\\htdocs...', 13, Array)
#1 C:\xampp\htdocs\pendataan_bengkel\system\View\View.php(210): include('C:\\xampp\\htdocs...')
#2 C:\xampp\htdocs\pendataan_bengkel\system\View\View.php(213): CodeIgniter\View\View->CodeIgniter\View\{closure}()
#3 C:\xampp\htdocs\pendataan_bengkel\system\Common.php(1089): CodeIgniter\View\View->render('incoming_items/...', Array, true)
#4 C:\xampp\htdocs\pendataan_bengkel\app\Controllers\Home.php(760): view('incoming_items/...')
#5 C:\xampp\htdocs\pendataan_bengkel\system\CodeIgniter.php(832): App\Controllers\Home->add_incoming_items()
#6 C:\xampp\htdocs\pendataan_bengkel\system\CodeIgniter.php(419): CodeIgniter\CodeIgniter->runController(Object(App\Controllers\Home))
#7 C:\xampp\htdocs\pendataan_bengkel\system\CodeIgniter.php(326): CodeIgniter\CodeIgniter->handleRequest(NULL, Object(Config\Cache), false)
#8 C:\xampp\htdocs\pendataan_bengkel\public\index.php(37): CodeIgniter\CodeIgniter->run()
#9 C:\xampp\htdocs\pendataan_bengkel\system\Commands\Server\rewrite.php(43): require_once('C:\\xampp\\htdocs...')
#10 {main}
CRITICAL - 2023-10-18 00:05:37 --> Invalid argument supplied for foreach()
#0 C:\xampp\htdocs\pendataan_bengkel\app\Views\incoming_items\add_incoming_items.php(13): CodeIgniter\Debug\Exceptions->errorHandler(2, 'Invalid argumen...', 'C:\\xampp\\htdocs...', 13, Array)
#1 C:\xampp\htdocs\pendataan_bengkel\system\View\View.php(210): include('C:\\xampp\\htdocs...')
#2 C:\xampp\htdocs\pendataan_bengkel\system\View\View.php(213): CodeIgniter\View\View->CodeIgniter\View\{closure}()
#3 C:\xampp\htdocs\pendataan_bengkel\system\Common.php(1089): CodeIgniter\View\View->render('incoming_items/...', Array, true)
#4 C:\xampp\htdocs\pendataan_bengkel\app\Controllers\Home.php(760): view('incoming_items/...')
#5 C:\xampp\htdocs\pendataan_bengkel\system\CodeIgniter.php(832): App\Controllers\Home->add_incoming_items()
#6 C:\xampp\htdocs\pendataan_bengkel\system\CodeIgniter.php(419): CodeIgniter\CodeIgniter->runController(Object(App\Controllers\Home))
#7 C:\xampp\htdocs\pendataan_bengkel\system\CodeIgniter.php(326): CodeIgniter\CodeIgniter->handleRequest(NULL, Object(Config\Cache), false)
#8 C:\xampp\htdocs\pendataan_bengkel\public\index.php(37): CodeIgniter\CodeIgniter->run()
#9 C:\xampp\htdocs\pendataan_bengkel\system\Commands\Server\rewrite.php(43): require_once('C:\\xampp\\htdocs...')
#10 {main}
CRITICAL - 2023-10-18 00:07:32 --> Invalid argument supplied for foreach()
#0 C:\xampp\htdocs\pendataan_bengkel\app\Views\incoming_items\add_incoming_items.php(11): CodeIgniter\Debug\Exceptions->errorHandler(2, 'Invalid argumen...', 'C:\\xampp\\htdocs...', 11, Array)
#1 C:\xampp\htdocs\pendataan_bengkel\system\View\View.php(210): include('C:\\xampp\\htdocs...')
#2 C:\xampp\htdocs\pendataan_bengkel\system\View\View.php(213): CodeIgniter\View\View->CodeIgniter\View\{closure}()
#3 C:\xampp\htdocs\pendataan_bengkel\system\Common.php(1089): CodeIgniter\View\View->render('incoming_items/...', Array, true)
#4 C:\xampp\htdocs\pendataan_bengkel\app\Controllers\Home.php(760): view('incoming_items/...')
#5 C:\xampp\htdocs\pendataan_bengkel\system\CodeIgniter.php(832): App\Controllers\Home->add_incoming_items()
#6 C:\xampp\htdocs\pendataan_bengkel\system\CodeIgniter.php(419): CodeIgniter\CodeIgniter->runController(Object(App\Controllers\Home))
#7 C:\xampp\htdocs\pendataan_bengkel\system\CodeIgniter.php(326): CodeIgniter\CodeIgniter->handleRequest(NULL, Object(Config\Cache), false)
#8 C:\xampp\htdocs\pendataan_bengkel\public\index.php(37): CodeIgniter\CodeIgniter->run()
#9 C:\xampp\htdocs\pendataan_bengkel\system\Commands\Server\rewrite.php(43): require_once('C:\\xampp\\htdocs...')
#10 {main}
CRITICAL - 2023-10-18 00:07:34 --> Invalid argument supplied for foreach()
#0 C:\xampp\htdocs\pendataan_bengkel\app\Views\incoming_items\add_incoming_items.php(11): CodeIgniter\Debug\Exceptions->errorHandler(2, 'Invalid argumen...', 'C:\\xampp\\htdocs...', 11, Array)
#1 C:\xampp\htdocs\pendataan_bengkel\system\View\View.php(210): include('C:\\xampp\\htdocs...')
#2 C:\xampp\htdocs\pendataan_bengkel\system\View\View.php(213): CodeIgniter\View\View->CodeIgniter\View\{closure}()
#3 C:\xampp\htdocs\pendataan_bengkel\system\Common.php(1089): CodeIgniter\View\View->render('incoming_items/...', Array, true)
#4 C:\xampp\htdocs\pendataan_bengkel\app\Controllers\Home.php(760): view('incoming_items/...')
#5 C:\xampp\htdocs\pendataan_bengkel\system\CodeIgniter.php(832): App\Controllers\Home->add_incoming_items()
#6 C:\xampp\htdocs\pendataan_bengkel\system\CodeIgniter.php(419): CodeIgniter\CodeIgniter->runController(Object(App\Controllers\Home))
#7 C:\xampp\htdocs\pendataan_bengkel\system\CodeIgniter.php(326): CodeIgniter\CodeIgniter->handleRequest(NULL, Object(Config\Cache), false)
#8 C:\xampp\htdocs\pendataan_bengkel\public\index.php(37): CodeIgniter\CodeIgniter->run()
#9 C:\xampp\htdocs\pendataan_bengkel\system\Commands\Server\rewrite.php(43): require_once('C:\\xampp\\htdocs...')
#10 {main}
CRITICAL - 2023-10-18 00:07:38 --> Invalid argument supplied for foreach()
#0 C:\xampp\htdocs\pendataan_bengkel\app\Views\incoming_items\add_incoming_items.php(13): CodeIgniter\Debug\Exceptions->errorHandler(2, 'Invalid argumen...', 'C:\\xampp\\htdocs...', 13, Array)
#1 C:\xampp\htdocs\pendataan_bengkel\system\View\View.php(210): include('C:\\xampp\\htdocs...')
#2 C:\xampp\htdocs\pendataan_bengkel\system\View\View.php(213): CodeIgniter\View\View->CodeIgniter\View\{closure}()
#3 C:\xampp\htdocs\pendataan_bengkel\system\Common.php(1089): CodeIgniter\View\View->render('incoming_items/...', Array, true)
#4 C:\xampp\htdocs\pendataan_bengkel\app\Controllers\Home.php(760): view('incoming_items/...')
#5 C:\xampp\htdocs\pendataan_bengkel\system\CodeIgniter.php(832): App\Controllers\Home->add_incoming_items()
#6 C:\xampp\htdocs\pendataan_bengkel\system\CodeIgniter.php(419): CodeIgniter\CodeIgniter->runController(Object(App\Controllers\Home))
#7 C:\xampp\htdocs\pendataan_bengkel\system\CodeIgniter.php(326): CodeIgniter\CodeIgniter->handleRequest(NULL, Object(Config\Cache), false)
#8 C:\xampp\htdocs\pendataan_bengkel\public\index.php(37): CodeIgniter\CodeIgniter->run()
#9 C:\xampp\htdocs\pendataan_bengkel\system\Commands\Server\rewrite.php(43): require_once('C:\\xampp\\htdocs...')
#10 {main}
CRITICAL - 2023-10-18 00:09:33 --> Invalid argument supplied for foreach()
#0 C:\xampp\htdocs\pendataan_bengkel\app\Views\incoming_items\add_incoming_items.php(13): CodeIgniter\Debug\Exceptions->errorHandler(2, 'Invalid argumen...', 'C:\\xampp\\htdocs...', 13, Array)
#1 C:\xampp\htdocs\pendataan_bengkel\system\View\View.php(210): include('C:\\xampp\\htdocs...')
#2 C:\xampp\htdocs\pendataan_bengkel\system\View\View.php(213): CodeIgniter\View\View->CodeIgniter\View\{closure}()
#3 C:\xampp\htdocs\pendataan_bengkel\system\Common.php(1089): CodeIgniter\View\View->render('incoming_items/...', Array, true)
#4 C:\xampp\htdocs\pendataan_bengkel\app\Controllers\Home.php(760): view('incoming_items/...')
#5 C:\xampp\htdocs\pendataan_bengkel\system\CodeIgniter.php(832): App\Controllers\Home->add_incoming_items()
#6 C:\xampp\htdocs\pendataan_bengkel\system\CodeIgniter.php(419): CodeIgniter\CodeIgniter->runController(Object(App\Controllers\Home))
#7 C:\xampp\htdocs\pendataan_bengkel\system\CodeIgniter.php(326): CodeIgniter\CodeIgniter->handleRequest(NULL, Object(Config\Cache), false)
#8 C:\xampp\htdocs\pendataan_bengkel\public\index.php(37): CodeIgniter\CodeIgniter->run()
#9 C:\xampp\htdocs\pendataan_bengkel\system\Commands\Server\rewrite.php(43): require_once('C:\\xampp\\htdocs...')
#10 {main}
CRITICAL - 2023-10-18 00:09:41 --> Invalid argument supplied for foreach()
#0 C:\xampp\htdocs\pendataan_bengkel\app\Views\incoming_items\add_incoming_items.php(13): CodeIgniter\Debug\Exceptions->errorHandler(2, 'Invalid argumen...', 'C:\\xampp\\htdocs...', 13, Array)
#1 C:\xampp\htdocs\pendataan_bengkel\system\View\View.php(210): include('C:\\xampp\\htdocs...')
#2 C:\xampp\htdocs\pendataan_bengkel\system\View\View.php(213): CodeIgniter\View\View->CodeIgniter\View\{closure}()
#3 C:\xampp\htdocs\pendataan_bengkel\system\Common.php(1089): CodeIgniter\View\View->render('incoming_items/...', Array, true)
#4 C:\xampp\htdocs\pendataan_bengkel\app\Controllers\Home.php(760): view('incoming_items/...')
#5 C:\xampp\htdocs\pendataan_bengkel\system\CodeIgniter.php(832): App\Controllers\Home->add_incoming_items()
#6 C:\xampp\htdocs\pendataan_bengkel\system\CodeIgniter.php(419): CodeIgniter\CodeIgniter->runController(Object(App\Controllers\Home))
#7 C:\xampp\htdocs\pendataan_bengkel\system\CodeIgniter.php(326): CodeIgniter\CodeIgniter->handleRequest(NULL, Object(Config\Cache), false)
#8 C:\xampp\htdocs\pendataan_bengkel\public\index.php(37): CodeIgniter\CodeIgniter->run()
#9 C:\xampp\htdocs\pendataan_bengkel\system\Commands\Server\rewrite.php(43): require_once('C:\\xampp\\htdocs...')
#10 {main}
CRITICAL - 2023-10-18 00:10:01 --> Invalid argument supplied for foreach()
#0 C:\xampp\htdocs\pendataan_bengkel\app\Views\incoming_items\add_incoming_items.php(13): CodeIgniter\Debug\Exceptions->errorHandler(2, 'Invalid argumen...', 'C:\\xampp\\htdocs...', 13, Array)
#1 C:\xampp\htdocs\pendataan_bengkel\system\View\View.php(210): include('C:\\xampp\\htdocs...')
#2 C:\xampp\htdocs\pendataan_bengkel\system\View\View.php(213): CodeIgniter\View\View->CodeIgniter\View\{closure}()
#3 C:\xampp\htdocs\pendataan_bengkel\system\Common.php(1089): CodeIgniter\View\View->render('incoming_items/...', Array, true)
#4 C:\xampp\htdocs\pendataan_bengkel\app\Controllers\Home.php(760): view('incoming_items/...')
#5 C:\xampp\htdocs\pendataan_bengkel\system\CodeIgniter.php(832): App\Controllers\Home->add_incoming_items()
#6 C:\xampp\htdocs\pendataan_bengkel\system\CodeIgniter.php(419): CodeIgniter\CodeIgniter->runController(Object(App\Controllers\Home))
#7 C:\xampp\htdocs\pendataan_bengkel\system\CodeIgniter.php(326): CodeIgniter\CodeIgniter->handleRequest(NULL, Object(Config\Cache), false)
#8 C:\xampp\htdocs\pendataan_bengkel\public\index.php(37): CodeIgniter\CodeIgniter->run()
#9 C:\xampp\htdocs\pendataan_bengkel\system\Commands\Server\rewrite.php(43): require_once('C:\\xampp\\htdocs...')
#10 {main}
CRITICAL - 2023-10-18 00:11:21 --> Invalid argument supplied for foreach()
#0 C:\xampp\htdocs\pendataan_bengkel\app\Views\incoming_items\add_incoming_items.php(13): CodeIgniter\Debug\Exceptions->errorHandler(2, 'Invalid argumen...', 'C:\\xampp\\htdocs...', 13, Array)
#1 C:\xampp\htdocs\pendataan_bengkel\system\View\View.php(210): include('C:\\xampp\\htdocs...')
#2 C:\xampp\htdocs\pendataan_bengkel\system\View\View.php(213): CodeIgniter\View\View->CodeIgniter\View\{closure}()
#3 C:\xampp\htdocs\pendataan_bengkel\system\Common.php(1089): CodeIgniter\View\View->render('incoming_items/...', Array, true)
#4 C:\xampp\htdocs\pendataan_bengkel\app\Controllers\Home.php(760): view('incoming_items/...')
#5 C:\xampp\htdocs\pendataan_bengkel\system\CodeIgniter.php(832): App\Controllers\Home->add_incoming_items()
#6 C:\xampp\htdocs\pendataan_bengkel\system\CodeIgniter.php(419): CodeIgniter\CodeIgniter->runController(Object(App\Controllers\Home))
#7 C:\xampp\htdocs\pendataan_bengkel\system\CodeIgniter.php(326): CodeIgniter\CodeIgniter->handleRequest(NULL, Object(Config\Cache), false)
#8 C:\xampp\htdocs\pendataan_bengkel\public\index.php(37): CodeIgniter\CodeIgniter->run()
#9 C:\xampp\htdocs\pendataan_bengkel\system\Commands\Server\rewrite.php(43): require_once('C:\\xampp\\htdocs...')
#10 {main}
CRITICAL - 2023-10-18 00:12:17 --> Invalid argument supplied for foreach()
#0 C:\xampp\htdocs\pendataan_bengkel\app\Views\incoming_items\add_incoming_items.php(13): CodeIgniter\Debug\Exceptions->errorHandler(2, 'Invalid argumen...', 'C:\\xampp\\htdocs...', 13, Array)
#1 C:\xampp\htdocs\pendataan_bengkel\system\View\View.php(210): include('C:\\xampp\\htdocs...')
#2 C:\xampp\htdocs\pendataan_bengkel\system\View\View.php(213): CodeIgniter\View\View->CodeIgniter\View\{closure}()
#3 C:\xampp\htdocs\pendataan_bengkel\system\Common.php(1089): CodeIgniter\View\View->render('incoming_items/...', Array, true)
#4 C:\xampp\htdocs\pendataan_bengkel\app\Controllers\Home.php(760): view('incoming_items/...')
#5 C:\xampp\htdocs\pendataan_bengkel\system\CodeIgniter.php(832): App\Controllers\Home->add_incoming_items()
#6 C:\xampp\htdocs\pendataan_bengkel\system\CodeIgniter.php(419): CodeIgniter\CodeIgniter->runController(Object(App\Controllers\Home))
#7 C:\xampp\htdocs\pendataan_bengkel\system\CodeIgniter.php(326): CodeIgniter\CodeIgniter->handleRequest(NULL, Object(Config\Cache), false)
#8 C:\xampp\htdocs\pendataan_bengkel\public\index.php(37): CodeIgniter\CodeIgniter->run()
#9 C:\xampp\htdocs\pendataan_bengkel\system\Commands\Server\rewrite.php(43): require_once('C:\\xampp\\htdocs...')
#10 {main}
CRITICAL - 2023-10-18 00:13:25 --> Invalid argument supplied for foreach()
#0 C:\xampp\htdocs\pendataan_bengkel\app\Views\incoming_items\add_incoming_items.php(13): CodeIgniter\Debug\Exceptions->errorHandler(2, 'Invalid argumen...', 'C:\\xampp\\htdocs...', 13, Array)
#1 C:\xampp\htdocs\pendataan_bengkel\system\View\View.php(210): include('C:\\xampp\\htdocs...')
#2 C:\xampp\htdocs\pendataan_bengkel\system\View\View.php(213): CodeIgniter\View\View->CodeIgniter\View\{closure}()
#3 C:\xampp\htdocs\pendataan_bengkel\system\Common.php(1089): CodeIgniter\View\View->render('incoming_items/...', Array, true)
#4 C:\xampp\htdocs\pendataan_bengkel\app\Controllers\Home.php(760): view('incoming_items/...')
#5 C:\xampp\htdocs\pendataan_bengkel\system\CodeIgniter.php(832): App\Controllers\Home->add_incoming_items()
#6 C:\xampp\htdocs\pendataan_bengkel\system\CodeIgniter.php(419): CodeIgniter\CodeIgniter->runController(Object(App\Controllers\Home))
#7 C:\xampp\htdocs\pendataan_bengkel\system\CodeIgniter.php(326): CodeIgniter\CodeIgniter->handleRequest(NULL, Object(Config\Cache), false)
#8 C:\xampp\htdocs\pendataan_bengkel\public\index.php(37): CodeIgniter\CodeIgniter->run()
#9 C:\xampp\htdocs\pendataan_bengkel\system\Commands\Server\rewrite.php(43): require_once('C:\\xampp\\htdocs...')
#10 {main}
CRITICAL - 2023-10-18 00:13:56 --> Invalid argument supplied for foreach()
#0 C:\xampp\htdocs\pendataan_bengkel\app\Views\incoming_items\add_incoming_items.php(13): CodeIgniter\Debug\Exceptions->errorHandler(2, 'Invalid argumen...', 'C:\\xampp\\htdocs...', 13, Array)
#1 C:\xampp\htdocs\pendataan_bengkel\system\View\View.php(210): include('C:\\xampp\\htdocs...')
#2 C:\xampp\htdocs\pendataan_bengkel\system\View\View.php(213): CodeIgniter\View\View->CodeIgniter\View\{closure}()
#3 C:\xampp\htdocs\pendataan_bengkel\system\Common.php(1089): CodeIgniter\View\View->render('incoming_items/...', Array, true)
#4 C:\xampp\htdocs\pendataan_bengkel\app\Controllers\Home.php(760): view('incoming_items/...')
#5 C:\xampp\htdocs\pendataan_bengkel\system\CodeIgniter.php(832): App\Controllers\Home->add_incoming_items()
#6 C:\xampp\htdocs\pendataan_bengkel\system\CodeIgniter.php(419): CodeIgniter\CodeIgniter->runController(Object(App\Controllers\Home))
#7 C:\xampp\htdocs\pendataan_bengkel\system\CodeIgniter.php(326): CodeIgniter\CodeIgniter->handleRequest(NULL, Object(Config\Cache), false)
#8 C:\xampp\htdocs\pendataan_bengkel\public\index.php(37): CodeIgniter\CodeIgniter->run()
#9 C:\xampp\htdocs\pendataan_bengkel\system\Commands\Server\rewrite.php(43): require_once('C:\\xampp\\htdocs...')
#10 {main}
CRITICAL - 2023-10-18 00:14:37 --> Invalid argument supplied for foreach()
#0 C:\xampp\htdocs\pendataan_bengkel\app\Views\incoming_items\add_incoming_items.php(13): CodeIgniter\Debug\Exceptions->errorHandler(2, 'Invalid argumen...', 'C:\\xampp\\htdocs...', 13, Array)
#1 C:\xampp\htdocs\pendataan_bengkel\system\View\View.php(210): include('C:\\xampp\\htdocs...')
#2 C:\xampp\htdocs\pendataan_bengkel\system\View\View.php(213): CodeIgniter\View\View->CodeIgniter\View\{closure}()
#3 C:\xampp\htdocs\pendataan_bengkel\system\Common.php(1089): CodeIgniter\View\View->render('incoming_items/...', Array, true)
#4 C:\xampp\htdocs\pendataan_bengkel\app\Controllers\Home.php(760): view('incoming_items/...')
#5 C:\xampp\htdocs\pendataan_bengkel\system\CodeIgniter.php(832): App\Controllers\Home->add_incoming_items()
#6 C:\xampp\htdocs\pendataan_bengkel\system\CodeIgniter.php(419): CodeIgniter\CodeIgniter->runController(Object(App\Controllers\Home))
#7 C:\xampp\htdocs\pendataan_bengkel\system\CodeIgniter.php(326): CodeIgniter\CodeIgniter->handleRequest(NULL, Object(Config\Cache), false)
#8 C:\xampp\htdocs\pendataan_bengkel\public\index.php(37): CodeIgniter\CodeIgniter->run()
#9 C:\xampp\htdocs\pendataan_bengkel\system\Commands\Server\rewrite.php(43): require_once('C:\\xampp\\htdocs...')
#10 {main}
CRITICAL - 2023-10-18 00:14:39 --> Invalid argument supplied for foreach()
#0 C:\xampp\htdocs\pendataan_bengkel\app\Views\incoming_items\add_incoming_items.php(13): CodeIgniter\Debug\Exceptions->errorHandler(2, 'Invalid argumen...', 'C:\\xampp\\htdocs...', 13, Array)
#1 C:\xampp\htdocs\pendataan_bengkel\system\View\View.php(210): include('C:\\xampp\\htdocs...')
#2 C:\xampp\htdocs\pendataan_bengkel\system\View\View.php(213): CodeIgniter\View\View->CodeIgniter\View\{closure}()
#3 C:\xampp\htdocs\pendataan_bengkel\system\Common.php(1089): CodeIgniter\View\View->render('incoming_items/...', Array, true)
#4 C:\xampp\htdocs\pendataan_bengkel\app\Controllers\Home.php(760): view('incoming_items/...')
#5 C:\xampp\htdocs\pendataan_bengkel\system\CodeIgniter.php(832): App\Controllers\Home->add_incoming_items()
#6 C:\xampp\htdocs\pendataan_bengkel\system\CodeIgniter.php(419): CodeIgniter\CodeIgniter->runController(Object(App\Controllers\Home))
#7 C:\xampp\htdocs\pendataan_bengkel\system\CodeIgniter.php(326): CodeIgniter\CodeIgniter->handleRequest(NULL, Object(Config\Cache), false)
#8 C:\xampp\htdocs\pendataan_bengkel\public\index.php(37): CodeIgniter\CodeIgniter->run()
#9 C:\xampp\htdocs\pendataan_bengkel\system\Commands\Server\rewrite.php(43): require_once('C:\\xampp\\htdocs...')
#10 {main}
CRITICAL - 2023-10-18 00:16:31 --> Invalid argument supplied for foreach()
#0 C:\xampp\htdocs\pendataan_bengkel\app\Views\incoming_items\add_incoming_items.php(13): CodeIgniter\Debug\Exceptions->errorHandler(2, 'Invalid argumen...', 'C:\\xampp\\htdocs...', 13, Array)
#1 C:\xampp\htdocs\pendataan_bengkel\system\View\View.php(210): include('C:\\xampp\\htdocs...')
#2 C:\xampp\htdocs\pendataan_bengkel\system\View\View.php(213): CodeIgniter\View\View->CodeIgniter\View\{closure}()
#3 C:\xampp\htdocs\pendataan_bengkel\system\Common.php(1089): CodeIgniter\View\View->render('incoming_items/...', Array, true)
#4 C:\xampp\htdocs\pendataan_bengkel\app\Controllers\Home.php(760): view('incoming_items/...')
#5 C:\xampp\htdocs\pendataan_bengkel\system\CodeIgniter.php(832): App\Controllers\Home->add_incoming_items()
#6 C:\xampp\htdocs\pendataan_bengkel\system\CodeIgniter.php(419): CodeIgniter\CodeIgniter->runController(Object(App\Controllers\Home))
#7 C:\xampp\htdocs\pendataan_bengkel\system\CodeIgniter.php(326): CodeIgniter\CodeIgniter->handleRequest(NULL, Object(Config\Cache), false)
#8 C:\xampp\htdocs\pendataan_bengkel\public\index.php(37): CodeIgniter\CodeIgniter->run()
#9 C:\xampp\htdocs\pendataan_bengkel\system\Commands\Server\rewrite.php(43): require_once('C:\\xampp\\htdocs...')
#10 {main}
CRITICAL - 2023-10-18 00:16:36 --> Invalid argument supplied for foreach()
#0 C:\xampp\htdocs\pendataan_bengkel\app\Views\incoming_items\add_incoming_items.php(13): CodeIgniter\Debug\Exceptions->errorHandler(2, 'Invalid argumen...', 'C:\\xampp\\htdocs...', 13, Array)
#1 C:\xampp\htdocs\pendataan_bengkel\system\View\View.php(210): include('C:\\xampp\\htdocs...')
#2 C:\xampp\htdocs\pendataan_bengkel\system\View\View.php(213): CodeIgniter\View\View->CodeIgniter\View\{closure}()
#3 C:\xampp\htdocs\pendataan_bengkel\system\Common.php(1089): CodeIgniter\View\View->render('incoming_items/...', Array, true)
#4 C:\xampp\htdocs\pendataan_bengkel\app\Controllers\Home.php(760): view('incoming_items/...')
#5 C:\xampp\htdocs\pendataan_bengkel\system\CodeIgniter.php(832): App\Controllers\Home->add_incoming_items()
#6 C:\xampp\htdocs\pendataan_bengkel\system\CodeIgniter.php(419): CodeIgniter\CodeIgniter->runController(Object(App\Controllers\Home))
#7 C:\xampp\htdocs\pendataan_bengkel\system\CodeIgniter.php(326): CodeIgniter\CodeIgniter->handleRequest(NULL, Object(Config\Cache), false)
#8 C:\xampp\htdocs\pendataan_bengkel\public\index.php(37): CodeIgniter\CodeIgniter->run()
#9 C:\xampp\htdocs\pendataan_bengkel\system\Commands\Server\rewrite.php(43): require_once('C:\\xampp\\htdocs...')
#10 {main}
CRITICAL - 2023-10-18 00:16:39 --> Invalid argument supplied for foreach()
#0 C:\xampp\htdocs\pendataan_bengkel\app\Views\incoming_items\add_incoming_items.php(13): CodeIgniter\Debug\Exceptions->errorHandler(2, 'Invalid argumen...', 'C:\\xampp\\htdocs...', 13, Array)
#1 C:\xampp\htdocs\pendataan_bengkel\system\View\View.php(210): include('C:\\xampp\\htdocs...')
#2 C:\xampp\htdocs\pendataan_bengkel\system\View\View.php(213): CodeIgniter\View\View->CodeIgniter\View\{closure}()
#3 C:\xampp\htdocs\pendataan_bengkel\system\Common.php(1089): CodeIgniter\View\View->render('incoming_items/...', Array, true)
#4 C:\xampp\htdocs\pendataan_bengkel\app\Controllers\Home.php(760): view('incoming_items/...')
#5 C:\xampp\htdocs\pendataan_bengkel\system\CodeIgniter.php(832): App\Controllers\Home->add_incoming_items()
#6 C:\xampp\htdocs\pendataan_bengkel\system\CodeIgniter.php(419): CodeIgniter\CodeIgniter->runController(Object(App\Controllers\Home))
#7 C:\xampp\htdocs\pendataan_bengkel\system\CodeIgniter.php(326): CodeIgniter\CodeIgniter->handleRequest(NULL, Object(Config\Cache), false)
#8 C:\xampp\htdocs\pendataan_bengkel\public\index.php(37): CodeIgniter\CodeIgniter->run()
#9 C:\xampp\htdocs\pendataan_bengkel\system\Commands\Server\rewrite.php(43): require_once('C:\\xampp\\htdocs...')
#10 {main}
CRITICAL - 2023-10-18 02:31:44 --> file_get_contents(): SSL: An existing connection was forcibly closed by the remote host.

#0 [internal function]: CodeIgniter\Debug\Exceptions->errorHandler(2, 'file_get_conten...', 'C:\\xampp\\htdocs...', 45, Array)
#1 C:\xampp\htdocs\pendataan_bengkel\app\Controllers\Home.php(45): file_get_contents('https://www.goo...')
#2 C:\xampp\htdocs\pendataan_bengkel\system\CodeIgniter.php(832): App\Controllers\Home->aksi_login()
#3 C:\xampp\htdocs\pendataan_bengkel\system\CodeIgniter.php(419): CodeIgniter\CodeIgniter->runController(Object(App\Controllers\Home))
#4 C:\xampp\htdocs\pendataan_bengkel\system\CodeIgniter.php(326): CodeIgniter\CodeIgniter->handleRequest(NULL, Object(Config\Cache), false)
#5 C:\xampp\htdocs\pendataan_bengkel\public\index.php(37): CodeIgniter\CodeIgniter->run()
#6 C:\xampp\htdocs\pendataan_bengkel\system\Commands\Server\rewrite.php(43): require_once('C:\\xampp\\htdocs...')
#7 {main}
CRITICAL - 2023-10-18 06:43:52 --> Cannot redeclare App\Controllers\Home::outbound_items()
#0 [internal function]: CodeIgniter\Debug\Exceptions->shutdownHandler()
#1 {main}
CRITICAL - 2023-10-18 06:43:55 --> Argument 1 passed to CodeIgniter\Database\BaseBuilder::orderBy() must be of the type string, null given, called in C:\xampp\htdocs\pendataan_bengkel\app\Models\M_model.php on line 364
#0 C:\xampp\htdocs\pendataan_bengkel\app\Models\M_model.php(364): CodeIgniter\Database\BaseBuilder->orderBy(NULL, 'DESC')
#1 C:\xampp\htdocs\pendataan_bengkel\app\Controllers\Home.php(894): App\Models\M_model->fusionOderBy('bengkel', 'user', 'bengkel.maker_b...', NULL, 'tanggal_bengkel')
#2 C:\xampp\htdocs\pendataan_bengkel\system\CodeIgniter.php(832): App\Controllers\Home->workshop()
#3 C:\xampp\htdocs\pendataan_bengkel\system\CodeIgniter.php(419): CodeIgniter\CodeIgniter->runController(Object(App\Controllers\Home))
#4 C:\xampp\htdocs\pendataan_bengkel\system\CodeIgniter.php(326): CodeIgniter\CodeIgniter->handleRequest(NULL, Object(Config\Cache), false)
#5 C:\xampp\htdocs\pendataan_bengkel\public\index.php(37): CodeIgniter\CodeIgniter->run()
#6 C:\xampp\htdocs\pendataan_bengkel\system\Commands\Server\rewrite.php(43): require_once('C:\\xampp\\htdocs...')
#7 {main}
ERROR - 2023-10-18 06:44:12 --> Unknown column 'barang.id_barang' in 'on clause'
CRITICAL - 2023-10-18 06:44:12 --> Call to a member function getResult() on bool
#0 C:\xampp\htdocs\pendataan_bengkel\app\Controllers\Home.php(894): App\Models\M_model->fusionOderBy('bengkel', 'user', 'bengkel.maker_b...', 'tanggal_bengkel')
#1 C:\xampp\htdocs\pendataan_bengkel\system\CodeIgniter.php(832): App\Controllers\Home->workshop()
#2 C:\xampp\htdocs\pendataan_bengkel\system\CodeIgniter.php(419): CodeIgniter\CodeIgniter->runController(Object(App\Controllers\Home))
#3 C:\xampp\htdocs\pendataan_bengkel\system\CodeIgniter.php(326): CodeIgniter\CodeIgniter->handleRequest(NULL, Object(Config\Cache), false)
#4 C:\xampp\htdocs\pendataan_bengkel\public\index.php(37): CodeIgniter\CodeIgniter->run()
#5 C:\xampp\htdocs\pendataan_bengkel\system\Commands\Server\rewrite.php(43): require_once('C:\\xampp\\htdocs...')
#6 {main}
ERROR - 2023-10-18 07:56:57 --> Unknown column 'barang_masuk.barang_laporan' in 'where clause'
CRITICAL - 2023-10-18 07:56:57 --> Call to a member function getResult() on bool
#0 C:\xampp\htdocs\pendataan_bengkel\app\Controllers\Home.php(1139): App\Models\M_model->filter_items('barang_masuk', '2023-10-18', '2023-10-18')
#1 C:\xampp\htdocs\pendataan_bengkel\system\CodeIgniter.php(832): App\Controllers\Home->print_incoming_items()
#2 C:\xampp\htdocs\pendataan_bengkel\system\CodeIgniter.php(419): CodeIgniter\CodeIgniter->runController(Object(App\Controllers\Home))
#3 C:\xampp\htdocs\pendataan_bengkel\system\CodeIgniter.php(326): CodeIgniter\CodeIgniter->handleRequest(NULL, Object(Config\Cache), false)
#4 C:\xampp\htdocs\pendataan_bengkel\public\index.php(37): CodeIgniter\CodeIgniter->run()
#5 C:\xampp\htdocs\pendataan_bengkel\system\Commands\Server\rewrite.php(43): require_once('C:\\xampp\\htdocs...')
#6 {main}
CRITICAL - 2023-10-18 08:36:44 --> Call to a member function getRow() on null
#0 C:\xampp\htdocs\pendataan_bengkel\system\CodeIgniter.php(832): App\Controllers\Home->outbound_items_search()
#1 C:\xampp\htdocs\pendataan_bengkel\system\CodeIgniter.php(419): CodeIgniter\CodeIgniter->runController(Object(App\Controllers\Home))
#2 C:\xampp\htdocs\pendataan_bengkel\system\CodeIgniter.php(326): CodeIgniter\CodeIgniter->handleRequest(NULL, Object(Config\Cache), false)
#3 C:\xampp\htdocs\pendataan_bengkel\public\index.php(37): CodeIgniter\CodeIgniter->run()
#4 C:\xampp\htdocs\pendataan_bengkel\system\Commands\Server\rewrite.php(43): require_once('C:\\xampp\\htdocs...')
#5 {main}
CRITICAL - 2023-10-18 08:45:52 --> A non-numeric value encountered
#0 C:\xampp\htdocs\pendataan_bengkel\app\Controllers\Home.php(857): CodeIgniter\Debug\Exceptions->errorHandler(2, 'A non-numeric v...', 'C:\\xampp\\htdocs...', 857, Array)
#1 C:\xampp\htdocs\pendataan_bengkel\system\CodeIgniter.php(832): App\Controllers\Home->outbound_items_search()
#2 C:\xampp\htdocs\pendataan_bengkel\system\CodeIgniter.php(419): CodeIgniter\CodeIgniter->runController(Object(App\Controllers\Home))
#3 C:\xampp\htdocs\pendataan_bengkel\system\CodeIgniter.php(326): CodeIgniter\CodeIgniter->handleRequest(NULL, Object(Config\Cache), false)
#4 C:\xampp\htdocs\pendataan_bengkel\public\index.php(37): CodeIgniter\CodeIgniter->run()
#5 C:\xampp\htdocs\pendataan_bengkel\system\Commands\Server\rewrite.php(43): require_once('C:\\xampp\\htdocs...')
#6 {main}
CRITICAL - 2023-10-18 08:55:55 --> You must set the database table to be used with your query.
#0 C:\xampp\htdocs\pendataan_bengkel\system\Model.php(545): CodeIgniter\Database\BaseConnection->table(NULL)
#1 C:\xampp\htdocs\pendataan_bengkel\system\Model.php(722): CodeIgniter\Model->builder()
#2 C:\xampp\htdocs\pendataan_bengkel\app\Controllers\Home.php(1273): CodeIgniter\Model->__call('filter_outbound...', Array)
#3 C:\xampp\htdocs\pendataan_bengkel\system\CodeIgniter.php(832): App\Controllers\Home->print_outbound_items()
#4 C:\xampp\htdocs\pendataan_bengkel\system\CodeIgniter.php(419): CodeIgniter\CodeIgniter->runController(Object(App\Controllers\Home))
#5 C:\xampp\htdocs\pendataan_bengkel\system\CodeIgniter.php(326): CodeIgniter\CodeIgniter->handleRequest(NULL, Object(Config\Cache), false)
#6 C:\xampp\htdocs\pendataan_bengkel\public\index.php(37): CodeIgniter\CodeIgniter->run()
#7 C:\xampp\htdocs\pendataan_bengkel\system\Commands\Server\rewrite.php(43): require_once('C:\\xampp\\htdocs...')
#8 {main}
ERROR - 2023-10-18 08:58:59 --> You have an error in your SQL syntax; check the manual that corresponds to your MariaDB server version for the right syntax to use near '? AND ?
        AND user.username = ?' at line 5
CRITICAL - 2023-10-18 08:58:59 --> Call to a member function getResult() on bool
#0 C:\xampp\htdocs\pendataan_bengkel\app\Controllers\Home.php(1273): App\Models\M_model->filter_outbound_itemsByUser('barang_keluar', '2023-10-18', '2023-10-18', 'Employee')
#1 C:\xampp\htdocs\pendataan_bengkel\system\CodeIgniter.php(832): App\Controllers\Home->print_outbound_items()
#2 C:\xampp\htdocs\pendataan_bengkel\system\CodeIgniter.php(419): CodeIgniter\CodeIgniter->runController(Object(App\Controllers\Home))
#3 C:\xampp\htdocs\pendataan_bengkel\system\CodeIgniter.php(326): CodeIgniter\CodeIgniter->handleRequest(NULL, Object(Config\Cache), false)
#4 C:\xampp\htdocs\pendataan_bengkel\public\index.php(37): CodeIgniter\CodeIgniter->run()
#5 C:\xampp\htdocs\pendataan_bengkel\system\Commands\Server\rewrite.php(43): require_once('C:\\xampp\\htdocs...')
#6 {main}
CRITICAL - 2023-10-18 09:02:24 --> Too few arguments to function App\Models\M_model::filter_outbound_itemsByUser(), 4 passed in C:\xampp\htdocs\pendataan_bengkel\app\Controllers\Home.php on line 1273 and exactly 5 expected
#0 C:\xampp\htdocs\pendataan_bengkel\app\Controllers\Home.php(1273): App\Models\M_model->filter_outbound_itemsByUser('barang_keluar', '2023-10-18', '2023-10-18', NULL)
#1 C:\xampp\htdocs\pendataan_bengkel\system\CodeIgniter.php(832): App\Controllers\Home->print_outbound_items()
#2 C:\xampp\htdocs\pendataan_bengkel\system\CodeIgniter.php(419): CodeIgniter\CodeIgniter->runController(Object(App\Controllers\Home))
#3 C:\xampp\htdocs\pendataan_bengkel\system\CodeIgniter.php(326): CodeIgniter\CodeIgniter->handleRequest(NULL, Object(Config\Cache), false)
#4 C:\xampp\htdocs\pendataan_bengkel\public\index.php(37): CodeIgniter\CodeIgniter->run()
#5 C:\xampp\htdocs\pendataan_bengkel\system\Commands\Server\rewrite.php(43): require_once('C:\\xampp\\htdocs...')
#6 {main}
CRITICAL - 2023-10-18 09:02:37 --> Too few arguments to function App\Models\M_model::filter_outbound_itemsByUser(), 4 passed in C:\xampp\htdocs\pendataan_bengkel\app\Controllers\Home.php on line 1273 and exactly 5 expected
#0 C:\xampp\htdocs\pendataan_bengkel\app\Controllers\Home.php(1273): App\Models\M_model->filter_outbound_itemsByUser('barang_keluar', '2023-10-18', '2023-10-18', Array)
#1 C:\xampp\htdocs\pendataan_bengkel\system\CodeIgniter.php(832): App\Controllers\Home->print_outbound_items()
#2 C:\xampp\htdocs\pendataan_bengkel\system\CodeIgniter.php(419): CodeIgniter\CodeIgniter->runController(Object(App\Controllers\Home))
#3 C:\xampp\htdocs\pendataan_bengkel\system\CodeIgniter.php(326): CodeIgniter\CodeIgniter->handleRequest(NULL, Object(Config\Cache), false)
#4 C:\xampp\htdocs\pendataan_bengkel\public\index.php(37): CodeIgniter\CodeIgniter->run()
#5 C:\xampp\htdocs\pendataan_bengkel\system\Commands\Server\rewrite.php(43): require_once('C:\\xampp\\htdocs...')
#6 {main}
CRITICAL - 2023-10-18 09:02:40 --> Too few arguments to function App\Models\M_model::filter_outbound_itemsByUser(), 4 passed in C:\xampp\htdocs\pendataan_bengkel\app\Controllers\Home.php on line 1273 and exactly 5 expected
#0 C:\xampp\htdocs\pendataan_bengkel\app\Controllers\Home.php(1273): App\Models\M_model->filter_outbound_itemsByUser('barang_keluar', '2023-10-18', '2023-10-18', Array)
#1 C:\xampp\htdocs\pendataan_bengkel\system\CodeIgniter.php(832): App\Controllers\Home->print_outbound_items()
#2 C:\xampp\htdocs\pendataan_bengkel\system\CodeIgniter.php(419): CodeIgniter\CodeIgniter->runController(Object(App\Controllers\Home))
#3 C:\xampp\htdocs\pendataan_bengkel\system\CodeIgniter.php(326): CodeIgniter\CodeIgniter->handleRequest(NULL, Object(Config\Cache), false)
#4 C:\xampp\htdocs\pendataan_bengkel\public\index.php(37): CodeIgniter\CodeIgniter->run()
#5 C:\xampp\htdocs\pendataan_bengkel\system\Commands\Server\rewrite.php(43): require_once('C:\\xampp\\htdocs...')
#6 {main}
ERROR - 2023-10-18 09:04:13 --> You have an error in your SQL syntax; check the manual that corresponds to your MariaDB server version for the right syntax to use near 'WHERE (Array)
			BETWEEN '2023-10-18'
			AND '2023-10-18'' at line 6
CRITICAL - 2023-10-18 09:04:13 --> Call to a member function getResult() on bool
#0 C:\xampp\htdocs\pendataan_bengkel\app\Controllers\Home.php(1273): App\Models\M_model->filter_outbound_itemsByUser('barang_keluar', '2023-10-18', '2023-10-18', Array)
#1 C:\xampp\htdocs\pendataan_bengkel\system\CodeIgniter.php(832): App\Controllers\Home->print_outbound_items()
#2 C:\xampp\htdocs\pendataan_bengkel\system\CodeIgniter.php(419): CodeIgniter\CodeIgniter->runController(Object(App\Controllers\Home))
#3 C:\xampp\htdocs\pendataan_bengkel\system\CodeIgniter.php(326): CodeIgniter\CodeIgniter->handleRequest(NULL, Object(Config\Cache), false)
#4 C:\xampp\htdocs\pendataan_bengkel\public\index.php(37): CodeIgniter\CodeIgniter->run()
#5 C:\xampp\htdocs\pendataan_bengkel\system\Commands\Server\rewrite.php(43): require_once('C:\\xampp\\htdocs...')
#6 {main}
CRITICAL - 2023-10-18 09:08:13 --> Too few arguments to function App\Models\M_model::filter_outbound_itemsByUser(), 4 passed in C:\xampp\htdocs\pendataan_bengkel\app\Controllers\Home.php on line 1273 and exactly 5 expected
#0 C:\xampp\htdocs\pendataan_bengkel\app\Controllers\Home.php(1273): App\Models\M_model->filter_outbound_itemsByUser('barang_keluar', '2023-10-18', '2023-10-18', Array)
#1 C:\xampp\htdocs\pendataan_bengkel\system\CodeIgniter.php(832): App\Controllers\Home->print_outbound_items()
#2 C:\xampp\htdocs\pendataan_bengkel\system\CodeIgniter.php(419): CodeIgniter\CodeIgniter->runController(Object(App\Controllers\Home))
#3 C:\xampp\htdocs\pendataan_bengkel\system\CodeIgniter.php(326): CodeIgniter\CodeIgniter->handleRequest(NULL, Object(Config\Cache), false)
#4 C:\xampp\htdocs\pendataan_bengkel\public\index.php(37): CodeIgniter\CodeIgniter->run()
#5 C:\xampp\htdocs\pendataan_bengkel\system\Commands\Server\rewrite.php(43): require_once('C:\\xampp\\htdocs...')
#6 {main}
ERROR - 2023-10-18 20:29:52 --> Duplicate entry '1' for key 'USERNAME_ACC'
ERROR - 2023-10-18 20:33:14 --> Duplicate entry '08XXXXXXXXXXX' for key 'TELP_PENGGUNA'
ERROR - 2023-10-18 20:33:45 --> Duplicate entry '08XXXXXXXXXXX' for key 'TELP_PENGGUNA'
ERROR - 2023-10-18 20:38:05 --> Duplicate entry '08XXXXXXXXXXX' for key 'TELP_PENGGUNA'
ERROR - 2023-10-18 20:40:14 --> Duplicate entry '08XXXXXXXXXXX' for key 'TELP_PENGGUNA'
ERROR - 2023-10-18 20:42:41 --> Duplicate entry '08XXXXXXXXXXX' for key 'TELP_PENGGUNA'
ERROR - 2023-10-18 20:45:05 --> Duplicate entry '12' for key 'USERNAME_ACC'
ERROR - 2023-10-18 20:45:30 --> Duplicate entry '08XXXXXXXXXXX' for key 'TELP_PENGGUNA'
ERROR - 2023-10-18 20:46:04 --> Duplicate entry '08XXXXXXXXXXX' for key 'TELP_PENGGUNA'
ERROR - 2023-10-18 20:46:37 --> Duplicate entry '08XXXXXXXXXXX' for key 'TELP_PENGGUNA'
ERROR - 2023-10-18 20:49:26 --> Column 'jk_pengguna' cannot be null
CRITICAL - 2023-10-18 21:10:21 --> Invalid argument supplied for foreach()
#0 C:\xampp\htdocs\pendataan_bengkel\app\Views\report\items_report.php(72): CodeIgniter\Debug\Exceptions->errorHandler(2, 'Invalid argumen...', 'C:\\xampp\\htdocs...', 72, Array)
#1 C:\xampp\htdocs\pendataan_bengkel\system\View\View.php(210): include('C:\\xampp\\htdocs...')
#2 C:\xampp\htdocs\pendataan_bengkel\system\View\View.php(213): CodeIgniter\View\View->CodeIgniter\View\{closure}()
#3 C:\xampp\htdocs\pendataan_bengkel\system\Common.php(1089): CodeIgniter\View\View->render('report/items_re...', Array, true)
#4 C:\xampp\htdocs\pendataan_bengkel\app\Controllers\Home.php(1228): view('report/items_re...', Array)
#5 C:\xampp\htdocs\pendataan_bengkel\system\CodeIgniter.php(832): App\Controllers\Home->print_items()
#6 C:\xampp\htdocs\pendataan_bengkel\system\CodeIgniter.php(419): CodeIgniter\CodeIgniter->runController(Object(App\Controllers\Home))
#7 C:\xampp\htdocs\pendataan_bengkel\system\CodeIgniter.php(326): CodeIgniter\CodeIgniter->handleRequest(NULL, Object(Config\Cache), false)
#8 C:\xampp\htdocs\pendataan_bengkel\public\index.php(37): CodeIgniter\CodeIgniter->run()
#9 C:\xampp\htdocs\pendataan_bengkel\system\Commands\Server\rewrite.php(43): require_once('C:\\xampp\\htdocs...')
#10 {main}
CRITICAL - 2023-10-18 21:10:39 --> Invalid argument supplied for foreach()
#0 C:\xampp\htdocs\pendataan_bengkel\app\Views\report\items_report.php(72): CodeIgniter\Debug\Exceptions->errorHandler(2, 'Invalid argumen...', 'C:\\xampp\\htdocs...', 72, Array)
#1 C:\xampp\htdocs\pendataan_bengkel\system\View\View.php(210): include('C:\\xampp\\htdocs...')
#2 C:\xampp\htdocs\pendataan_bengkel\system\View\View.php(213): CodeIgniter\View\View->CodeIgniter\View\{closure}()
#3 C:\xampp\htdocs\pendataan_bengkel\system\Common.php(1089): CodeIgniter\View\View->render('report/items_re...', Array, true)
#4 C:\xampp\htdocs\pendataan_bengkel\app\Controllers\Home.php(1228): view('report/items_re...', Array)
#5 C:\xampp\htdocs\pendataan_bengkel\system\CodeIgniter.php(832): App\Controllers\Home->print_items()
#6 C:\xampp\htdocs\pendataan_bengkel\system\CodeIgniter.php(419): CodeIgniter\CodeIgniter->runController(Object(App\Controllers\Home))
#7 C:\xampp\htdocs\pendataan_bengkel\system\CodeIgniter.php(326): CodeIgniter\CodeIgniter->handleRequest(NULL, Object(Config\Cache), false)
#8 C:\xampp\htdocs\pendataan_bengkel\public\index.php(37): CodeIgniter\CodeIgniter->run()
#9 C:\xampp\htdocs\pendataan_bengkel\system\Commands\Server\rewrite.php(43): require_once('C:\\xampp\\htdocs...')
#10 {main}
CRITICAL - 2023-10-18 22:21:00 --> Call to a member function getRow() on null
#0 C:\xampp\htdocs\pendataan_bengkel\system\CodeIgniter.php(832): App\Controllers\Home->workshop_search()
#1 C:\xampp\htdocs\pendataan_bengkel\system\CodeIgniter.php(419): CodeIgniter\CodeIgniter->runController(Object(App\Controllers\Home))
#2 C:\xampp\htdocs\pendataan_bengkel\system\CodeIgniter.php(326): CodeIgniter\CodeIgniter->handleRequest(NULL, Object(Config\Cache), false)
#3 C:\xampp\htdocs\pendataan_bengkel\public\index.php(37): CodeIgniter\CodeIgniter->run()
#4 C:\xampp\htdocs\pendataan_bengkel\system\Commands\Server\rewrite.php(43): require_once('C:\\xampp\\htdocs...')
#5 {main}
CRITICAL - 2023-10-18 22:22:20 --> Call to a member function getRow() on null
#0 C:\xampp\htdocs\pendataan_bengkel\system\CodeIgniter.php(832): App\Controllers\Home->workshop_search()
#1 C:\xampp\htdocs\pendataan_bengkel\system\CodeIgniter.php(419): CodeIgniter\CodeIgniter->runController(Object(App\Controllers\Home))
#2 C:\xampp\htdocs\pendataan_bengkel\system\CodeIgniter.php(326): CodeIgniter\CodeIgniter->handleRequest(NULL, Object(Config\Cache), false)
#3 C:\xampp\htdocs\pendataan_bengkel\public\index.php(37): CodeIgniter\CodeIgniter->run()
#4 C:\xampp\htdocs\pendataan_bengkel\system\Commands\Server\rewrite.php(43): require_once('C:\\xampp\\htdocs...')
#5 {main}
CRITICAL - 2023-10-18 22:22:25 --> Call to a member function getRow() on null
#0 C:\xampp\htdocs\pendataan_bengkel\system\CodeIgniter.php(832): App\Controllers\Home->workshop_search()
#1 C:\xampp\htdocs\pendataan_bengkel\system\CodeIgniter.php(419): CodeIgniter\CodeIgniter->runController(Object(App\Controllers\Home))
#2 C:\xampp\htdocs\pendataan_bengkel\system\CodeIgniter.php(326): CodeIgniter\CodeIgniter->handleRequest(NULL, Object(Config\Cache), false)
#3 C:\xampp\htdocs\pendataan_bengkel\public\index.php(37): CodeIgniter\CodeIgniter->run()
#4 C:\xampp\htdocs\pendataan_bengkel\system\Commands\Server\rewrite.php(43): require_once('C:\\xampp\\htdocs...')
#5 {main}
CRITICAL - 2023-10-18 22:23:30 --> Invalid argument supplied for foreach()
#0 C:\xampp\htdocs\pendataan_bengkel\app\Views\workshop\workshop.php(66): CodeIgniter\Debug\Exceptions->errorHandler(2, 'Invalid argumen...', 'C:\\xampp\\htdocs...', 66, Array)
#1 C:\xampp\htdocs\pendataan_bengkel\system\View\View.php(210): include('C:\\xampp\\htdocs...')
#2 C:\xampp\htdocs\pendataan_bengkel\system\View\View.php(213): CodeIgniter\View\View->CodeIgniter\View\{closure}()
#3 C:\xampp\htdocs\pendataan_bengkel\system\Common.php(1089): CodeIgniter\View\View->render('workshop/worksh...', Array, true)
#4 C:\xampp\htdocs\pendataan_bengkel\app\Controllers\Home.php(1102): view('workshop/worksh...')
#5 C:\xampp\htdocs\pendataan_bengkel\system\CodeIgniter.php(832): App\Controllers\Home->workshop_search()
#6 C:\xampp\htdocs\pendataan_bengkel\system\CodeIgniter.php(419): CodeIgniter\CodeIgniter->runController(Object(App\Controllers\Home))
#7 C:\xampp\htdocs\pendataan_bengkel\system\CodeIgniter.php(326): CodeIgniter\CodeIgniter->handleRequest(NULL, Object(Config\Cache), false)
#8 C:\xampp\htdocs\pendataan_bengkel\public\index.php(37): CodeIgniter\CodeIgniter->run()
#9 C:\xampp\htdocs\pendataan_bengkel\system\Commands\Server\rewrite.php(43): require_once('C:\\xampp\\htdocs...')
#10 {main}
CRITICAL - 2023-10-18 22:23:43 --> Invalid argument supplied for foreach()
#0 C:\xampp\htdocs\pendataan_bengkel\app\Views\workshop\workshop.php(66): CodeIgniter\Debug\Exceptions->errorHandler(2, 'Invalid argumen...', 'C:\\xampp\\htdocs...', 66, Array)
#1 C:\xampp\htdocs\pendataan_bengkel\system\View\View.php(210): include('C:\\xampp\\htdocs...')
#2 C:\xampp\htdocs\pendataan_bengkel\system\View\View.php(213): CodeIgniter\View\View->CodeIgniter\View\{closure}()
#3 C:\xampp\htdocs\pendataan_bengkel\system\Common.php(1089): CodeIgniter\View\View->render('workshop/worksh...', Array, true)
#4 C:\xampp\htdocs\pendataan_bengkel\app\Controllers\Home.php(1102): view('workshop/worksh...')
#5 C:\xampp\htdocs\pendataan_bengkel\system\CodeIgniter.php(832): App\Controllers\Home->workshop_search()
#6 C:\xampp\htdocs\pendataan_bengkel\system\CodeIgniter.php(419): CodeIgniter\CodeIgniter->runController(Object(App\Controllers\Home))
#7 C:\xampp\htdocs\pendataan_bengkel\system\CodeIgniter.php(326): CodeIgniter\CodeIgniter->handleRequest(NULL, Object(Config\Cache), false)
#8 C:\xampp\htdocs\pendataan_bengkel\public\index.php(37): CodeIgniter\CodeIgniter->run()
#9 C:\xampp\htdocs\pendataan_bengkel\system\Commands\Server\rewrite.php(43): require_once('C:\\xampp\\htdocs...')
#10 {main}
CRITICAL - 2023-10-18 22:24:02 --> Call to a member function getRow() on null
#0 C:\xampp\htdocs\pendataan_bengkel\system\CodeIgniter.php(832): App\Controllers\Home->workshop_search()
#1 C:\xampp\htdocs\pendataan_bengkel\system\CodeIgniter.php(419): CodeIgniter\CodeIgniter->runController(Object(App\Controllers\Home))
#2 C:\xampp\htdocs\pendataan_bengkel\system\CodeIgniter.php(326): CodeIgniter\CodeIgniter->handleRequest(NULL, Object(Config\Cache), false)
#3 C:\xampp\htdocs\pendataan_bengkel\public\index.php(37): CodeIgniter\CodeIgniter->run()
#4 C:\xampp\htdocs\pendataan_bengkel\system\Commands\Server\rewrite.php(43): require_once('C:\\xampp\\htdocs...')
#5 {main}
CRITICAL - 2023-10-18 22:25:15 --> Call to a member function getRow() on null
#0 C:\xampp\htdocs\pendataan_bengkel\system\CodeIgniter.php(832): App\Controllers\Home->workshop_search()
#1 C:\xampp\htdocs\pendataan_bengkel\system\CodeIgniter.php(419): CodeIgniter\CodeIgniter->runController(Object(App\Controllers\Home))
#2 C:\xampp\htdocs\pendataan_bengkel\system\CodeIgniter.php(326): CodeIgniter\CodeIgniter->handleRequest(NULL, Object(Config\Cache), false)
#3 C:\xampp\htdocs\pendataan_bengkel\public\index.php(37): CodeIgniter\CodeIgniter->run()
#4 C:\xampp\htdocs\pendataan_bengkel\system\Commands\Server\rewrite.php(43): require_once('C:\\xampp\\htdocs...')
#5 {main}
CRITICAL - 2023-10-18 22:26:03 --> Call to a member function getRow() on null
#0 C:\xampp\htdocs\pendataan_bengkel\system\CodeIgniter.php(832): App\Controllers\Home->workshop_search()
#1 C:\xampp\htdocs\pendataan_bengkel\system\CodeIgniter.php(419): CodeIgniter\CodeIgniter->runController(Object(App\Controllers\Home))
#2 C:\xampp\htdocs\pendataan_bengkel\system\CodeIgniter.php(326): CodeIgniter\CodeIgniter->handleRequest(NULL, Object(Config\Cache), false)
#3 C:\xampp\htdocs\pendataan_bengkel\public\index.php(37): CodeIgniter\CodeIgniter->run()
#4 C:\xampp\htdocs\pendataan_bengkel\system\Commands\Server\rewrite.php(43): require_once('C:\\xampp\\htdocs...')
#5 {main}
CRITICAL - 2023-10-18 22:27:31 --> Invalid argument supplied for foreach()
#0 C:\xampp\htdocs\pendataan_bengkel\app\Views\workshop\workshop.php(66): CodeIgniter\Debug\Exceptions->errorHandler(2, 'Invalid argumen...', 'C:\\xampp\\htdocs...', 66, Array)
#1 C:\xampp\htdocs\pendataan_bengkel\system\View\View.php(210): include('C:\\xampp\\htdocs...')
#2 C:\xampp\htdocs\pendataan_bengkel\system\View\View.php(213): CodeIgniter\View\View->CodeIgniter\View\{closure}()
#3 C:\xampp\htdocs\pendataan_bengkel\system\Common.php(1089): CodeIgniter\View\View->render('workshop/worksh...', Array, true)
#4 C:\xampp\htdocs\pendataan_bengkel\app\Controllers\Home.php(1098): view('workshop/worksh...')
#5 C:\xampp\htdocs\pendataan_bengkel\system\CodeIgniter.php(832): App\Controllers\Home->workshop_search()
#6 C:\xampp\htdocs\pendataan_bengkel\system\CodeIgniter.php(419): CodeIgniter\CodeIgniter->runController(Object(App\Controllers\Home))
#7 C:\xampp\htdocs\pendataan_bengkel\system\CodeIgniter.php(326): CodeIgniter\CodeIgniter->handleRequest(NULL, Object(Config\Cache), false)
#8 C:\xampp\htdocs\pendataan_bengkel\public\index.php(37): CodeIgniter\CodeIgniter->run()
#9 C:\xampp\htdocs\pendataan_bengkel\system\Commands\Server\rewrite.php(43): require_once('C:\\xampp\\htdocs...')
#10 {main}
CRITICAL - 2023-10-18 22:28:13 --> Call to a member function getRow() on null
#0 C:\xampp\htdocs\pendataan_bengkel\system\CodeIgniter.php(832): App\Controllers\Home->workshop_search()
#1 C:\xampp\htdocs\pendataan_bengkel\system\CodeIgniter.php(419): CodeIgniter\CodeIgniter->runController(Object(App\Controllers\Home))
#2 C:\xampp\htdocs\pendataan_bengkel\system\CodeIgniter.php(326): CodeIgniter\CodeIgniter->handleRequest(NULL, Object(Config\Cache), false)
#3 C:\xampp\htdocs\pendataan_bengkel\public\index.php(37): CodeIgniter\CodeIgniter->run()
#4 C:\xampp\htdocs\pendataan_bengkel\system\Commands\Server\rewrite.php(43): require_once('C:\\xampp\\htdocs...')
#5 {main}
CRITICAL - 2023-10-18 22:28:22 --> Invalid argument supplied for foreach()
#0 C:\xampp\htdocs\pendataan_bengkel\app\Views\workshop\workshop.php(66): CodeIgniter\Debug\Exceptions->errorHandler(2, 'Invalid argumen...', 'C:\\xampp\\htdocs...', 66, Array)
#1 C:\xampp\htdocs\pendataan_bengkel\system\View\View.php(210): include('C:\\xampp\\htdocs...')
#2 C:\xampp\htdocs\pendataan_bengkel\system\View\View.php(213): CodeIgniter\View\View->CodeIgniter\View\{closure}()
#3 C:\xampp\htdocs\pendataan_bengkel\system\Common.php(1089): CodeIgniter\View\View->render('workshop/worksh...', Array, true)
#4 C:\xampp\htdocs\pendataan_bengkel\app\Controllers\Home.php(1100): view('workshop/worksh...')
#5 C:\xampp\htdocs\pendataan_bengkel\system\CodeIgniter.php(832): App\Controllers\Home->workshop_search()
#6 C:\xampp\htdocs\pendataan_bengkel\system\CodeIgniter.php(419): CodeIgniter\CodeIgniter->runController(Object(App\Controllers\Home))
#7 C:\xampp\htdocs\pendataan_bengkel\system\CodeIgniter.php(326): CodeIgniter\CodeIgniter->handleRequest(NULL, Object(Config\Cache), false)
#8 C:\xampp\htdocs\pendataan_bengkel\public\index.php(37): CodeIgniter\CodeIgniter->run()
#9 C:\xampp\htdocs\pendataan_bengkel\system\Commands\Server\rewrite.php(43): require_once('C:\\xampp\\htdocs...')
#10 {main}
CRITICAL - 2023-10-18 22:28:25 --> Call to a member function getRow() on null
#0 C:\xampp\htdocs\pendataan_bengkel\system\CodeIgniter.php(832): App\Controllers\Home->workshop_search()
#1 C:\xampp\htdocs\pendataan_bengkel\system\CodeIgniter.php(419): CodeIgniter\CodeIgniter->runController(Object(App\Controllers\Home))
#2 C:\xampp\htdocs\pendataan_bengkel\system\CodeIgniter.php(326): CodeIgniter\CodeIgniter->handleRequest(NULL, Object(Config\Cache), false)
#3 C:\xampp\htdocs\pendataan_bengkel\public\index.php(37): CodeIgniter\CodeIgniter->run()
#4 C:\xampp\htdocs\pendataan_bengkel\system\Commands\Server\rewrite.php(43): require_once('C:\\xampp\\htdocs...')
#5 {main}
CRITICAL - 2023-10-18 22:31:48 --> Call to a member function getRow() on null
#0 C:\xampp\htdocs\pendataan_bengkel\system\CodeIgniter.php(832): App\Controllers\Home->workshop_search()
#1 C:\xampp\htdocs\pendataan_bengkel\system\CodeIgniter.php(419): CodeIgniter\CodeIgniter->runController(Object(App\Controllers\Home))
#2 C:\xampp\htdocs\pendataan_bengkel\system\CodeIgniter.php(326): CodeIgniter\CodeIgniter->handleRequest(NULL, Object(Config\Cache), false)
#3 C:\xampp\htdocs\pendataan_bengkel\public\index.php(37): CodeIgniter\CodeIgniter->run()
#4 C:\xampp\htdocs\pendataan_bengkel\system\Commands\Server\rewrite.php(43): require_once('C:\\xampp\\htdocs...')
#5 {main}
CRITICAL - 2023-10-18 22:32:01 --> Call to a member function getRow() on null
#0 C:\xampp\htdocs\pendataan_bengkel\system\CodeIgniter.php(832): App\Controllers\Home->workshop_search()
#1 C:\xampp\htdocs\pendataan_bengkel\system\CodeIgniter.php(419): CodeIgniter\CodeIgniter->runController(Object(App\Controllers\Home))
#2 C:\xampp\htdocs\pendataan_bengkel\system\CodeIgniter.php(326): CodeIgniter\CodeIgniter->handleRequest(NULL, Object(Config\Cache), false)
#3 C:\xampp\htdocs\pendataan_bengkel\public\index.php(37): CodeIgniter\CodeIgniter->run()
#4 C:\xampp\htdocs\pendataan_bengkel\system\Commands\Server\rewrite.php(43): require_once('C:\\xampp\\htdocs...')
#5 {main}
CRITICAL - 2023-10-18 22:32:06 --> Invalid argument supplied for foreach()
#0 C:\xampp\htdocs\pendataan_bengkel\app\Views\workshop\workshop.php(66): CodeIgniter\Debug\Exceptions->errorHandler(2, 'Invalid argumen...', 'C:\\xampp\\htdocs...', 66, Array)
#1 C:\xampp\htdocs\pendataan_bengkel\system\View\View.php(210): include('C:\\xampp\\htdocs...')
#2 C:\xampp\htdocs\pendataan_bengkel\system\View\View.php(213): CodeIgniter\View\View->CodeIgniter\View\{closure}()
#3 C:\xampp\htdocs\pendataan_bengkel\system\Common.php(1089): CodeIgniter\View\View->render('workshop/worksh...', Array, true)
#4 C:\xampp\htdocs\pendataan_bengkel\app\Controllers\Home.php(1100): view('workshop/worksh...')
#5 C:\xampp\htdocs\pendataan_bengkel\system\CodeIgniter.php(832): App\Controllers\Home->workshop_search()
#6 C:\xampp\htdocs\pendataan_bengkel\system\CodeIgniter.php(419): CodeIgniter\CodeIgniter->runController(Object(App\Controllers\Home))
#7 C:\xampp\htdocs\pendataan_bengkel\system\CodeIgniter.php(326): CodeIgniter\CodeIgniter->handleRequest(NULL, Object(Config\Cache), false)
#8 C:\xampp\htdocs\pendataan_bengkel\public\index.php(37): CodeIgniter\CodeIgniter->run()
#9 C:\xampp\htdocs\pendataan_bengkel\system\Commands\Server\rewrite.php(43): require_once('C:\\xampp\\htdocs...')
#10 {main}
CRITICAL - 2023-10-18 22:32:34 --> Call to a member function getRow() on null
#0 C:\xampp\htdocs\pendataan_bengkel\system\CodeIgniter.php(832): App\Controllers\Home->workshop_search()
#1 C:\xampp\htdocs\pendataan_bengkel\system\CodeIgniter.php(419): CodeIgniter\CodeIgniter->runController(Object(App\Controllers\Home))
#2 C:\xampp\htdocs\pendataan_bengkel\system\CodeIgniter.php(326): CodeIgniter\CodeIgniter->handleRequest(NULL, Object(Config\Cache), false)
#3 C:\xampp\htdocs\pendataan_bengkel\public\index.php(37): CodeIgniter\CodeIgniter->run()
#4 C:\xampp\htdocs\pendataan_bengkel\system\Commands\Server\rewrite.php(43): require_once('C:\\xampp\\htdocs...')
#5 {main}
CRITICAL - 2023-10-18 22:34:20 --> Invalid argument supplied for foreach()
#0 C:\xampp\htdocs\pendataan_bengkel\app\Views\workshop\workshop.php(66): CodeIgniter\Debug\Exceptions->errorHandler(2, 'Invalid argumen...', 'C:\\xampp\\htdocs...', 66, Array)
#1 C:\xampp\htdocs\pendataan_bengkel\system\View\View.php(210): include('C:\\xampp\\htdocs...')
#2 C:\xampp\htdocs\pendataan_bengkel\system\View\View.php(213): CodeIgniter\View\View->CodeIgniter\View\{closure}()
#3 C:\xampp\htdocs\pendataan_bengkel\system\Common.php(1089): CodeIgniter\View\View->render('workshop/worksh...', Array, true)
#4 C:\xampp\htdocs\pendataan_bengkel\app\Controllers\Home.php(1104): view('workshop/worksh...')
#5 C:\xampp\htdocs\pendataan_bengkel\system\CodeIgniter.php(832): App\Controllers\Home->workshop_search()
#6 C:\xampp\htdocs\pendataan_bengkel\system\CodeIgniter.php(419): CodeIgniter\CodeIgniter->runController(Object(App\Controllers\Home))
#7 C:\xampp\htdocs\pendataan_bengkel\system\CodeIgniter.php(326): CodeIgniter\CodeIgniter->handleRequest(NULL, Object(Config\Cache), false)
#8 C:\xampp\htdocs\pendataan_bengkel\public\index.php(37): CodeIgniter\CodeIgniter->run()
#9 C:\xampp\htdocs\pendataan_bengkel\system\Commands\Server\rewrite.php(43): require_once('C:\\xampp\\htdocs...')
#10 {main}
CRITICAL - 2023-10-18 22:34:31 --> Call to a member function getRow() on null
#0 C:\xampp\htdocs\pendataan_bengkel\system\CodeIgniter.php(832): App\Controllers\Home->workshop_search()
#1 C:\xampp\htdocs\pendataan_bengkel\system\CodeIgniter.php(419): CodeIgniter\CodeIgniter->runController(Object(App\Controllers\Home))
#2 C:\xampp\htdocs\pendataan_bengkel\system\CodeIgniter.php(326): CodeIgniter\CodeIgniter->handleRequest(NULL, Object(Config\Cache), false)
#3 C:\xampp\htdocs\pendataan_bengkel\public\index.php(37): CodeIgniter\CodeIgniter->run()
#4 C:\xampp\htdocs\pendataan_bengkel\system\Commands\Server\rewrite.php(43): require_once('C:\\xampp\\htdocs...')
#5 {main}
CRITICAL - 2023-10-18 22:34:57 --> Invalid argument supplied for foreach()
#0 C:\xampp\htdocs\pendataan_bengkel\app\Views\workshop\workshop.php(66): CodeIgniter\Debug\Exceptions->errorHandler(2, 'Invalid argumen...', 'C:\\xampp\\htdocs...', 66, Array)
#1 C:\xampp\htdocs\pendataan_bengkel\system\View\View.php(210): include('C:\\xampp\\htdocs...')
#2 C:\xampp\htdocs\pendataan_bengkel\system\View\View.php(213): CodeIgniter\View\View->CodeIgniter\View\{closure}()
#3 C:\xampp\htdocs\pendataan_bengkel\system\Common.php(1089): CodeIgniter\View\View->render('workshop/worksh...', Array, true)
#4 C:\xampp\htdocs\pendataan_bengkel\app\Controllers\Home.php(1100): view('workshop/worksh...')
#5 C:\xampp\htdocs\pendataan_bengkel\system\CodeIgniter.php(832): App\Controllers\Home->workshop_search()
#6 C:\xampp\htdocs\pendataan_bengkel\system\CodeIgniter.php(419): CodeIgniter\CodeIgniter->runController(Object(App\Controllers\Home))
#7 C:\xampp\htdocs\pendataan_bengkel\system\CodeIgniter.php(326): CodeIgniter\CodeIgniter->handleRequest(NULL, Object(Config\Cache), false)
#8 C:\xampp\htdocs\pendataan_bengkel\public\index.php(37): CodeIgniter\CodeIgniter->run()
#9 C:\xampp\htdocs\pendataan_bengkel\system\Commands\Server\rewrite.php(43): require_once('C:\\xampp\\htdocs...')
#10 {main}
CRITICAL - 2023-10-18 22:35:05 --> Call to a member function getRow() on null
#0 C:\xampp\htdocs\pendataan_bengkel\system\CodeIgniter.php(832): App\Controllers\Home->workshop_search()
#1 C:\xampp\htdocs\pendataan_bengkel\system\CodeIgniter.php(419): CodeIgniter\CodeIgniter->runController(Object(App\Controllers\Home))
#2 C:\xampp\htdocs\pendataan_bengkel\system\CodeIgniter.php(326): CodeIgniter\CodeIgniter->handleRequest(NULL, Object(Config\Cache), false)
#3 C:\xampp\htdocs\pendataan_bengkel\public\index.php(37): CodeIgniter\CodeIgniter->run()
#4 C:\xampp\htdocs\pendataan_bengkel\system\Commands\Server\rewrite.php(43): require_once('C:\\xampp\\htdocs...')
#5 {main}
CRITICAL - 2023-10-18 22:37:27 --> Call to a member function getRow() on null
#0 C:\xampp\htdocs\pendataan_bengkel\system\CodeIgniter.php(832): App\Controllers\Home->workshop_search()
#1 C:\xampp\htdocs\pendataan_bengkel\system\CodeIgniter.php(419): CodeIgniter\CodeIgniter->runController(Object(App\Controllers\Home))
#2 C:\xampp\htdocs\pendataan_bengkel\system\CodeIgniter.php(326): CodeIgniter\CodeIgniter->handleRequest(NULL, Object(Config\Cache), false)
#3 C:\xampp\htdocs\pendataan_bengkel\public\index.php(37): CodeIgniter\CodeIgniter->run()
#4 C:\xampp\htdocs\pendataan_bengkel\system\Commands\Server\rewrite.php(43): require_once('C:\\xampp\\htdocs...')
#5 {main}
CRITICAL - 2023-10-18 22:37:32 --> Invalid argument supplied for foreach()
#0 C:\xampp\htdocs\pendataan_bengkel\app\Views\workshop\workshop.php(66): CodeIgniter\Debug\Exceptions->errorHandler(2, 'Invalid argumen...', 'C:\\xampp\\htdocs...', 66, Array)
#1 C:\xampp\htdocs\pendataan_bengkel\system\View\View.php(210): include('C:\\xampp\\htdocs...')
#2 C:\xampp\htdocs\pendataan_bengkel\system\View\View.php(213): CodeIgniter\View\View->CodeIgniter\View\{closure}()
#3 C:\xampp\htdocs\pendataan_bengkel\system\Common.php(1089): CodeIgniter\View\View->render('workshop/worksh...', Array, true)
#4 C:\xampp\htdocs\pendataan_bengkel\app\Controllers\Home.php(1100): view('workshop/worksh...')
#5 C:\xampp\htdocs\pendataan_bengkel\system\CodeIgniter.php(832): App\Controllers\Home->workshop_search()
#6 C:\xampp\htdocs\pendataan_bengkel\system\CodeIgniter.php(419): CodeIgniter\CodeIgniter->runController(Object(App\Controllers\Home))
#7 C:\xampp\htdocs\pendataan_bengkel\system\CodeIgniter.php(326): CodeIgniter\CodeIgniter->handleRequest(NULL, Object(Config\Cache), false)
#8 C:\xampp\htdocs\pendataan_bengkel\public\index.php(37): CodeIgniter\CodeIgniter->run()
#9 C:\xampp\htdocs\pendataan_bengkel\system\Commands\Server\rewrite.php(43): require_once('C:\\xampp\\htdocs...')
#10 {main}
CRITICAL - 2023-10-18 22:37:39 --> Call to a member function getRow() on null
#0 C:\xampp\htdocs\pendataan_bengkel\system\CodeIgniter.php(832): App\Controllers\Home->workshop_search()
#1 C:\xampp\htdocs\pendataan_bengkel\system\CodeIgniter.php(419): CodeIgniter\CodeIgniter->runController(Object(App\Controllers\Home))
#2 C:\xampp\htdocs\pendataan_bengkel\system\CodeIgniter.php(326): CodeIgniter\CodeIgniter->handleRequest(NULL, Object(Config\Cache), false)
#3 C:\xampp\htdocs\pendataan_bengkel\public\index.php(37): CodeIgniter\CodeIgniter->run()
#4 C:\xampp\htdocs\pendataan_bengkel\system\Commands\Server\rewrite.php(43): require_once('C:\\xampp\\htdocs...')
#5 {main}
CRITICAL - 2023-10-18 22:37:53 --> syntax error, unexpected '{'
#0 C:\xampp\htdocs\pendataan_bengkel\system\Router\Router.php(175): CodeIgniter\Router\Router->autoRoute('home/workshop')
#1 C:\xampp\htdocs\pendataan_bengkel\system\CodeIgniter.php(726): CodeIgniter\Router\Router->handle('home/workshop')
#2 C:\xampp\htdocs\pendataan_bengkel\system\CodeIgniter.php(368): CodeIgniter\CodeIgniter->tryToRouteIt(Object(CodeIgniter\Router\RouteCollection))
#3 C:\xampp\htdocs\pendataan_bengkel\system\CodeIgniter.php(326): CodeIgniter\CodeIgniter->handleRequest(NULL, Object(Config\Cache), false)
#4 C:\xampp\htdocs\pendataan_bengkel\public\index.php(37): CodeIgniter\CodeIgniter->run()
#5 C:\xampp\htdocs\pendataan_bengkel\system\Commands\Server\rewrite.php(43): require_once('C:\\xampp\\htdocs...')
#6 {main}
CRITICAL - 2023-10-18 22:37:54 --> syntax error, unexpected '{'
#0 C:\xampp\htdocs\pendataan_bengkel\system\Router\Router.php(175): CodeIgniter\Router\Router->autoRoute('home/employee_a...')
#1 C:\xampp\htdocs\pendataan_bengkel\system\CodeIgniter.php(726): CodeIgniter\Router\Router->handle('home/employee_a...')
#2 C:\xampp\htdocs\pendataan_bengkel\system\CodeIgniter.php(368): CodeIgniter\CodeIgniter->tryToRouteIt(Object(CodeIgniter\Router\RouteCollection))
#3 C:\xampp\htdocs\pendataan_bengkel\system\CodeIgniter.php(326): CodeIgniter\CodeIgniter->handleRequest(NULL, Object(Config\Cache), false)
#4 C:\xampp\htdocs\pendataan_bengkel\public\index.php(37): CodeIgniter\CodeIgniter->run()
#5 C:\xampp\htdocs\pendataan_bengkel\system\Commands\Server\rewrite.php(43): require_once('C:\\xampp\\htdocs...')
#6 {main}
CRITICAL - 2023-10-18 22:38:10 --> Call to a member function getRow() on null
#0 C:\xampp\htdocs\pendataan_bengkel\system\CodeIgniter.php(832): App\Controllers\Home->workshop_search()
#1 C:\xampp\htdocs\pendataan_bengkel\system\CodeIgniter.php(419): CodeIgniter\CodeIgniter->runController(Object(App\Controllers\Home))
#2 C:\xampp\htdocs\pendataan_bengkel\system\CodeIgniter.php(326): CodeIgniter\CodeIgniter->handleRequest(NULL, Object(Config\Cache), false)
#3 C:\xampp\htdocs\pendataan_bengkel\public\index.php(37): CodeIgniter\CodeIgniter->run()
#4 C:\xampp\htdocs\pendataan_bengkel\system\Commands\Server\rewrite.php(43): require_once('C:\\xampp\\htdocs...')
#5 {main}
CRITICAL - 2023-10-18 22:38:17 --> Call to a member function getRow() on null
#0 C:\xampp\htdocs\pendataan_bengkel\system\CodeIgniter.php(832): App\Controllers\Home->workshop_search()
#1 C:\xampp\htdocs\pendataan_bengkel\system\CodeIgniter.php(419): CodeIgniter\CodeIgniter->runController(Object(App\Controllers\Home))
#2 C:\xampp\htdocs\pendataan_bengkel\system\CodeIgniter.php(326): CodeIgniter\CodeIgniter->handleRequest(NULL, Object(Config\Cache), false)
#3 C:\xampp\htdocs\pendataan_bengkel\public\index.php(37): CodeIgniter\CodeIgniter->run()
#4 C:\xampp\htdocs\pendataan_bengkel\system\Commands\Server\rewrite.php(43): require_once('C:\\xampp\\htdocs...')
#5 {main}
CRITICAL - 2023-10-18 22:40:25 --> Call to a member function getRow() on null
#0 C:\xampp\htdocs\pendataan_bengkel\system\CodeIgniter.php(832): App\Controllers\Home->workshop_search()
#1 C:\xampp\htdocs\pendataan_bengkel\system\CodeIgniter.php(419): CodeIgniter\CodeIgniter->runController(Object(App\Controllers\Home))
#2 C:\xampp\htdocs\pendataan_bengkel\system\CodeIgniter.php(326): CodeIgniter\CodeIgniter->handleRequest(NULL, Object(Config\Cache), false)
#3 C:\xampp\htdocs\pendataan_bengkel\public\index.php(37): CodeIgniter\CodeIgniter->run()
#4 C:\xampp\htdocs\pendataan_bengkel\system\Commands\Server\rewrite.php(43): require_once('C:\\xampp\\htdocs...')
#5 {main}
CRITICAL - 2023-10-18 22:40:29 --> Call to a member function getRow() on null
#0 C:\xampp\htdocs\pendataan_bengkel\system\CodeIgniter.php(832): App\Controllers\Home->workshop_search()
#1 C:\xampp\htdocs\pendataan_bengkel\system\CodeIgniter.php(419): CodeIgniter\CodeIgniter->runController(Object(App\Controllers\Home))
#2 C:\xampp\htdocs\pendataan_bengkel\system\CodeIgniter.php(326): CodeIgniter\CodeIgniter->handleRequest(NULL, Object(Config\Cache), false)
#3 C:\xampp\htdocs\pendataan_bengkel\public\index.php(37): CodeIgniter\CodeIgniter->run()
#4 C:\xampp\htdocs\pendataan_bengkel\system\Commands\Server\rewrite.php(43): require_once('C:\\xampp\\htdocs...')
#5 {main}
CRITICAL - 2023-10-18 22:41:08 --> Call to a member function getRow() on null
#0 C:\xampp\htdocs\pendataan_bengkel\system\CodeIgniter.php(832): App\Controllers\Home->workshop_search()
#1 C:\xampp\htdocs\pendataan_bengkel\system\CodeIgniter.php(419): CodeIgniter\CodeIgniter->runController(Object(App\Controllers\Home))
#2 C:\xampp\htdocs\pendataan_bengkel\system\CodeIgniter.php(326): CodeIgniter\CodeIgniter->handleRequest(NULL, Object(Config\Cache), false)
#3 C:\xampp\htdocs\pendataan_bengkel\public\index.php(37): CodeIgniter\CodeIgniter->run()
#4 C:\xampp\htdocs\pendataan_bengkel\system\Commands\Server\rewrite.php(43): require_once('C:\\xampp\\htdocs...')
#5 {main}
CRITICAL - 2023-10-18 22:42:30 --> Call to a member function getRow() on null
#0 C:\xampp\htdocs\pendataan_bengkel\system\CodeIgniter.php(832): App\Controllers\Home->workshop_search()
#1 C:\xampp\htdocs\pendataan_bengkel\system\CodeIgniter.php(419): CodeIgniter\CodeIgniter->runController(Object(App\Controllers\Home))
#2 C:\xampp\htdocs\pendataan_bengkel\system\CodeIgniter.php(326): CodeIgniter\CodeIgniter->handleRequest(NULL, Object(Config\Cache), false)
#3 C:\xampp\htdocs\pendataan_bengkel\public\index.php(37): CodeIgniter\CodeIgniter->run()
#4 C:\xampp\htdocs\pendataan_bengkel\system\Commands\Server\rewrite.php(43): require_once('C:\\xampp\\htdocs...')
#5 {main}
CRITICAL - 2023-10-18 22:42:51 --> Call to a member function getRow() on null
#0 C:\xampp\htdocs\pendataan_bengkel\system\CodeIgniter.php(832): App\Controllers\Home->workshop_search()
#1 C:\xampp\htdocs\pendataan_bengkel\system\CodeIgniter.php(419): CodeIgniter\CodeIgniter->runController(Object(App\Controllers\Home))
#2 C:\xampp\htdocs\pendataan_bengkel\system\CodeIgniter.php(326): CodeIgniter\CodeIgniter->handleRequest(NULL, Object(Config\Cache), false)
#3 C:\xampp\htdocs\pendataan_bengkel\public\index.php(37): CodeIgniter\CodeIgniter->run()
#4 C:\xampp\htdocs\pendataan_bengkel\system\Commands\Server\rewrite.php(43): require_once('C:\\xampp\\htdocs...')
#5 {main}
CRITICAL - 2023-10-18 22:43:09 --> Call to a member function getRow() on null
#0 C:\xampp\htdocs\pendataan_bengkel\system\CodeIgniter.php(832): App\Controllers\Home->workshop_search()
#1 C:\xampp\htdocs\pendataan_bengkel\system\CodeIgniter.php(419): CodeIgniter\CodeIgniter->runController(Object(App\Controllers\Home))
#2 C:\xampp\htdocs\pendataan_bengkel\system\CodeIgniter.php(326): CodeIgniter\CodeIgniter->handleRequest(NULL, Object(Config\Cache), false)
#3 C:\xampp\htdocs\pendataan_bengkel\public\index.php(37): CodeIgniter\CodeIgniter->run()
#4 C:\xampp\htdocs\pendataan_bengkel\system\Commands\Server\rewrite.php(43): require_once('C:\\xampp\\htdocs...')
#5 {main}
CRITICAL - 2023-10-18 22:43:54 --> Call to a member function getRow() on null
#0 C:\xampp\htdocs\pendataan_bengkel\system\CodeIgniter.php(832): App\Controllers\Home->workshop_search()
#1 C:\xampp\htdocs\pendataan_bengkel\system\CodeIgniter.php(419): CodeIgniter\CodeIgniter->runController(Object(App\Controllers\Home))
#2 C:\xampp\htdocs\pendataan_bengkel\system\CodeIgniter.php(326): CodeIgniter\CodeIgniter->handleRequest(NULL, Object(Config\Cache), false)
#3 C:\xampp\htdocs\pendataan_bengkel\public\index.php(37): CodeIgniter\CodeIgniter->run()
#4 C:\xampp\htdocs\pendataan_bengkel\system\Commands\Server\rewrite.php(43): require_once('C:\\xampp\\htdocs...')
#5 {main}
CRITICAL - 2023-10-18 22:44:26 --> Call to a member function getRow() on null
#0 C:\xampp\htdocs\pendataan_bengkel\system\CodeIgniter.php(832): App\Controllers\Home->workshop_search()
#1 C:\xampp\htdocs\pendataan_bengkel\system\CodeIgniter.php(419): CodeIgniter\CodeIgniter->runController(Object(App\Controllers\Home))
#2 C:\xampp\htdocs\pendataan_bengkel\system\CodeIgniter.php(326): CodeIgniter\CodeIgniter->handleRequest(NULL, Object(Config\Cache), false)
#3 C:\xampp\htdocs\pendataan_bengkel\public\index.php(37): CodeIgniter\CodeIgniter->run()
#4 C:\xampp\htdocs\pendataan_bengkel\system\Commands\Server\rewrite.php(43): require_once('C:\\xampp\\htdocs...')
#5 {main}
CRITICAL - 2023-10-18 22:45:34 --> Call to a member function getRow() on null
#0 C:\xampp\htdocs\pendataan_bengkel\system\CodeIgniter.php(832): App\Controllers\Home->workshop_search()
#1 C:\xampp\htdocs\pendataan_bengkel\system\CodeIgniter.php(419): CodeIgniter\CodeIgniter->runController(Object(App\Controllers\Home))
#2 C:\xampp\htdocs\pendataan_bengkel\system\CodeIgniter.php(326): CodeIgniter\CodeIgniter->handleRequest(NULL, Object(Config\Cache), false)
#3 C:\xampp\htdocs\pendataan_bengkel\public\index.php(37): CodeIgniter\CodeIgniter->run()
#4 C:\xampp\htdocs\pendataan_bengkel\system\Commands\Server\rewrite.php(43): require_once('C:\\xampp\\htdocs...')
#5 {main}
CRITICAL - 2023-10-18 22:47:29 --> Too few arguments to function App\Models\M_model::superLikebm(), 9 passed in C:\xampp\htdocs\pendataan_bengkel\app\Controllers\Home.php on line 838 and exactly 10 expected
#0 C:\xampp\htdocs\pendataan_bengkel\app\Controllers\Home.php(838): App\Models\M_model->superLikebm('barang_masuk', 'barang', 'user', 'barang_masuk.id...', 'barang_masuk.ma...', 'barang.nama_bar...', 'barang_masuk.st...', 'barang_masuk.ha...', '2')
#1 C:\xampp\htdocs\pendataan_bengkel\system\CodeIgniter.php(832): App\Controllers\Home->incoming_items_search()
#2 C:\xampp\htdocs\pendataan_bengkel\system\CodeIgniter.php(419): CodeIgniter\CodeIgniter->runController(Object(App\Controllers\Home))
#3 C:\xampp\htdocs\pendataan_bengkel\system\CodeIgniter.php(326): CodeIgniter\CodeIgniter->handleRequest(NULL, Object(Config\Cache), false)
#4 C:\xampp\htdocs\pendataan_bengkel\public\index.php(37): CodeIgniter\CodeIgniter->run()
#5 C:\xampp\htdocs\pendataan_bengkel\system\Commands\Server\rewrite.php(43): require_once('C:\\xampp\\htdocs...')
#6 {main}
CRITICAL - 2023-10-18 22:47:48 --> Too few arguments to function App\Models\M_model::superLikebm(), 9 passed in C:\xampp\htdocs\pendataan_bengkel\app\Controllers\Home.php on line 838 and exactly 10 expected
#0 C:\xampp\htdocs\pendataan_bengkel\app\Controllers\Home.php(838): App\Models\M_model->superLikebm('barang_masuk', 'barang', 'user', 'barang_masuk.id...', 'barang_masuk.ma...', 'barang.nama_bar...', 'barang_masuk.st...', 'barang_masuk.ha...', 'Ban Mobil\t')
#1 C:\xampp\htdocs\pendataan_bengkel\system\CodeIgniter.php(832): App\Controllers\Home->incoming_items_search()
#2 C:\xampp\htdocs\pendataan_bengkel\system\CodeIgniter.php(419): CodeIgniter\CodeIgniter->runController(Object(App\Controllers\Home))
#3 C:\xampp\htdocs\pendataan_bengkel\system\CodeIgniter.php(326): CodeIgniter\CodeIgniter->handleRequest(NULL, Object(Config\Cache), false)
#4 C:\xampp\htdocs\pendataan_bengkel\public\index.php(37): CodeIgniter\CodeIgniter->run()
#5 C:\xampp\htdocs\pendataan_bengkel\system\Commands\Server\rewrite.php(43): require_once('C:\\xampp\\htdocs...')
#6 {main}
CRITICAL - 2023-10-18 22:48:22 --> Too few arguments to function App\Models\M_model::superLikebm(), 9 passed in C:\xampp\htdocs\pendataan_bengkel\app\Controllers\Home.php on line 838 and exactly 10 expected
#0 C:\xampp\htdocs\pendataan_bengkel\app\Controllers\Home.php(838): App\Models\M_model->superLikebm('barang_masuk', 'barang', 'user', 'barang_masuk.id...', 'barang_masuk.ma...', 'barang.nama_bar...', 'barang_masuk.st...', 'barang_masuk.ha...', 'Ban Mobil')
#1 C:\xampp\htdocs\pendataan_bengkel\system\CodeIgniter.php(832): App\Controllers\Home->incoming_items_search()
#2 C:\xampp\htdocs\pendataan_bengkel\system\CodeIgniter.php(419): CodeIgniter\CodeIgniter->runController(Object(App\Controllers\Home))
#3 C:\xampp\htdocs\pendataan_bengkel\system\CodeIgniter.php(326): CodeIgniter\CodeIgniter->handleRequest(NULL, Object(Config\Cache), false)
#4 C:\xampp\htdocs\pendataan_bengkel\public\index.php(37): CodeIgniter\CodeIgniter->run()
#5 C:\xampp\htdocs\pendataan_bengkel\system\Commands\Server\rewrite.php(43): require_once('C:\\xampp\\htdocs...')
#6 {main}
CRITICAL - 2023-10-18 22:50:50 --> Too few arguments to function App\Models\M_model::superLikebm(), 9 passed in C:\xampp\htdocs\pendataan_bengkel\app\Controllers\Home.php on line 968 and exactly 10 expected
#0 C:\xampp\htdocs\pendataan_bengkel\app\Controllers\Home.php(968): App\Models\M_model->superLikebm('barang_keluar', 'barang', 'user', 'barang_keluar.i...', 'barang_keluar.m...', 'barang.nama_bar...', 'barang_keluar.s...', 'barang_keluar.r...', 'pan')
#1 C:\xampp\htdocs\pendataan_bengkel\system\CodeIgniter.php(832): App\Controllers\Home->outbound_items_search()
#2 C:\xampp\htdocs\pendataan_bengkel\system\CodeIgniter.php(419): CodeIgniter\CodeIgniter->runController(Object(App\Controllers\Home))
#3 C:\xampp\htdocs\pendataan_bengkel\system\CodeIgniter.php(326): CodeIgniter\CodeIgniter->handleRequest(NULL, Object(Config\Cache), false)
#4 C:\xampp\htdocs\pendataan_bengkel\public\index.php(37): CodeIgniter\CodeIgniter->run()
#5 C:\xampp\htdocs\pendataan_bengkel\system\Commands\Server\rewrite.php(43): require_once('C:\\xampp\\htdocs...')
#6 {main}
CRITICAL - 2023-10-18 23:20:46 --> syntax error, unexpected 'public' (T_PUBLIC)
#0 C:\xampp\htdocs\pendataan_bengkel\system\Router\Router.php(175): CodeIgniter\Router\Router->autoRoute('home/employee_a...')
#1 C:\xampp\htdocs\pendataan_bengkel\system\CodeIgniter.php(726): CodeIgniter\Router\Router->handle('home/employee_a...')
#2 C:\xampp\htdocs\pendataan_bengkel\system\CodeIgniter.php(368): CodeIgniter\CodeIgniter->tryToRouteIt(Object(CodeIgniter\Router\RouteCollection))
#3 C:\xampp\htdocs\pendataan_bengkel\system\CodeIgniter.php(326): CodeIgniter\CodeIgniter->handleRequest(NULL, Object(Config\Cache), false)
#4 C:\xampp\htdocs\pendataan_bengkel\public\index.php(37): CodeIgniter\CodeIgniter->run()
#5 C:\xampp\htdocs\pendataan_bengkel\system\Commands\Server\rewrite.php(43): require_once('C:\\xampp\\htdocs...')
#6 {main}
