CRITICAL - 2023-10-20 05:22:31 --> syntax error, unexpected ''tanggal_kendaraan'' (T_CONSTANT_ENCAPSED_STRING), expecting ')'
#0 C:\xampp\htdocs\pendataan_bengkel\system\Router\Router.php(175): CodeIgniter\Router\Router->autoRoute('home/vehicle_ma...')
#1 C:\xampp\htdocs\pendataan_bengkel\system\CodeIgniter.php(726): CodeIgniter\Router\Router->handle('home/vehicle_ma...')
#2 C:\xampp\htdocs\pendataan_bengkel\system\CodeIgniter.php(368): CodeIgniter\CodeIgniter->tryToRouteIt(Object(CodeIgniter\Router\RouteCollection))
#3 C:\xampp\htdocs\pendataan_bengkel\system\CodeIgniter.php(326): CodeIgniter\CodeIgniter->handleRequest(NULL, Object(Config\Cache), false)
#4 C:\xampp\htdocs\pendataan_bengkel\public\index.php(37): CodeIgniter\CodeIgniter->run()
#5 C:\xampp\htdocs\pendataan_bengkel\system\Commands\Server\rewrite.php(43): require_once('C:\\xampp\\htdocs...')
#6 {main}
CRITICAL - 2023-10-20 05:22:40 --> syntax error, unexpected ''tanggal_kendaraan'' (T_CONSTANT_ENCAPSED_STRING), expecting ')'
#0 C:\xampp\htdocs\pendataan_bengkel\system\Router\Router.php(175): CodeIgniter\Router\Router->autoRoute('home/vehicle_ma...')
#1 C:\xampp\htdocs\pendataan_bengkel\system\CodeIgniter.php(726): CodeIgniter\Router\Router->handle('home/vehicle_ma...')
#2 C:\xampp\htdocs\pendataan_bengkel\system\CodeIgniter.php(368): CodeIgniter\CodeIgniter->tryToRouteIt(Object(CodeIgniter\Router\RouteCollection))
#3 C:\xampp\htdocs\pendataan_bengkel\system\CodeIgniter.php(326): CodeIgniter\CodeIgniter->handleRequest(NULL, Object(Config\Cache), false)
#4 C:\xampp\htdocs\pendataan_bengkel\public\index.php(37): CodeIgniter\CodeIgniter->run()
#5 C:\xampp\htdocs\pendataan_bengkel\system\Commands\Server\rewrite.php(43): require_once('C:\\xampp\\htdocs...')
#6 {main}
CRITICAL - 2023-10-20 05:23:02 --> syntax error, unexpected ',', expecting ')'
#0 C:\xampp\htdocs\pendataan_bengkel\system\Router\Router.php(175): CodeIgniter\Router\Router->autoRoute('home/vehicle_ma...')
#1 C:\xampp\htdocs\pendataan_bengkel\system\CodeIgniter.php(726): CodeIgniter\Router\Router->handle('home/vehicle_ma...')
#2 C:\xampp\htdocs\pendataan_bengkel\system\CodeIgniter.php(368): CodeIgniter\CodeIgniter->tryToRouteIt(Object(CodeIgniter\Router\RouteCollection))
#3 C:\xampp\htdocs\pendataan_bengkel\system\CodeIgniter.php(326): CodeIgniter\CodeIgniter->handleRequest(NULL, Object(Config\Cache), false)
#4 C:\xampp\htdocs\pendataan_bengkel\public\index.php(37): CodeIgniter\CodeIgniter->run()
#5 C:\xampp\htdocs\pendataan_bengkel\system\Commands\Server\rewrite.php(43): require_once('C:\\xampp\\htdocs...')
#6 {main}
CRITICAL - 2023-10-20 05:59:37 --> syntax error, unexpected '$kui' (T_VARIABLE), expecting identifier (T_STRING)
#0 C:\xampp\htdocs\pendataan_bengkel\system\Autoloader\Autoloader.php(241): CodeIgniter\Autoloader\Autoloader->includeFile('C:\\xampp\\htdocs...')
#1 C:\xampp\htdocs\pendataan_bengkel\system\Autoloader\Autoloader.php(219): CodeIgniter\Autoloader\Autoloader->loadInNamespace('App\\Controllers...')
#2 [internal function]: CodeIgniter\Autoloader\Autoloader->loadClass('App\\Controllers...')
#3 [internal function]: spl_autoload_call('App\\Controllers...')
#4 C:\xampp\htdocs\pendataan_bengkel\system\CodeIgniter.php(797): class_exists('\\App\\Controller...', true)
#5 C:\xampp\htdocs\pendataan_bengkel\system\CodeIgniter.php(406): CodeIgniter\CodeIgniter->startController()
#6 C:\xampp\htdocs\pendataan_bengkel\system\CodeIgniter.php(326): CodeIgniter\CodeIgniter->handleRequest(NULL, Object(Config\Cache), false)
#7 C:\xampp\htdocs\pendataan_bengkel\public\index.php(37): CodeIgniter\CodeIgniter->run()
#8 C:\xampp\htdocs\pendataan_bengkel\system\Commands\Server\rewrite.php(43): require_once('C:\\xampp\\htdocs...')
#9 {main}
CRITICAL - 2023-10-20 06:00:08 --> syntax error, unexpected 'echo' (T_ECHO), expecting identifier (T_STRING)
#0 C:\xampp\htdocs\pendataan_bengkel\system\Autoloader\Autoloader.php(241): CodeIgniter\Autoloader\Autoloader->includeFile('C:\\xampp\\htdocs...')
#1 C:\xampp\htdocs\pendataan_bengkel\system\Autoloader\Autoloader.php(219): CodeIgniter\Autoloader\Autoloader->loadInNamespace('App\\Controllers...')
#2 [internal function]: CodeIgniter\Autoloader\Autoloader->loadClass('App\\Controllers...')
#3 [internal function]: spl_autoload_call('App\\Controllers...')
#4 C:\xampp\htdocs\pendataan_bengkel\system\CodeIgniter.php(797): class_exists('\\App\\Controller...', true)
#5 C:\xampp\htdocs\pendataan_bengkel\system\CodeIgniter.php(406): CodeIgniter\CodeIgniter->startController()
#6 C:\xampp\htdocs\pendataan_bengkel\system\CodeIgniter.php(326): CodeIgniter\CodeIgniter->handleRequest(NULL, Object(Config\Cache), false)
#7 C:\xampp\htdocs\pendataan_bengkel\public\index.php(37): CodeIgniter\CodeIgniter->run()
#8 C:\xampp\htdocs\pendataan_bengkel\system\Commands\Server\rewrite.php(43): require_once('C:\\xampp\\htdocs...')
#9 {main}
CRITICAL - 2023-10-20 06:00:46 --> syntax error, unexpected '$kui' (T_VARIABLE), expecting identifier (T_STRING)
#0 C:\xampp\htdocs\pendataan_bengkel\system\Autoloader\Autoloader.php(241): CodeIgniter\Autoloader\Autoloader->includeFile('C:\\xampp\\htdocs...')
#1 C:\xampp\htdocs\pendataan_bengkel\system\Autoloader\Autoloader.php(219): CodeIgniter\Autoloader\Autoloader->loadInNamespace('App\\Controllers...')
#2 [internal function]: CodeIgniter\Autoloader\Autoloader->loadClass('App\\Controllers...')
#3 [internal function]: spl_autoload_call('App\\Controllers...')
#4 C:\xampp\htdocs\pendataan_bengkel\system\CodeIgniter.php(797): class_exists('\\App\\Controller...', true)
#5 C:\xampp\htdocs\pendataan_bengkel\system\CodeIgniter.php(406): CodeIgniter\CodeIgniter->startController()
#6 C:\xampp\htdocs\pendataan_bengkel\system\CodeIgniter.php(326): CodeIgniter\CodeIgniter->handleRequest(NULL, Object(Config\Cache), false)
#7 C:\xampp\htdocs\pendataan_bengkel\public\index.php(37): CodeIgniter\CodeIgniter->run()
#8 C:\xampp\htdocs\pendataan_bengkel\system\Commands\Server\rewrite.php(43): require_once('C:\\xampp\\htdocs...')
#9 {main}
CRITICAL - 2023-10-20 06:01:14 --> syntax error, unexpected 'echo' (T_ECHO), expecting identifier (T_STRING)
#0 C:\xampp\htdocs\pendataan_bengkel\system\Autoloader\Autoloader.php(241): CodeIgniter\Autoloader\Autoloader->includeFile('C:\\xampp\\htdocs...')
#1 C:\xampp\htdocs\pendataan_bengkel\system\Autoloader\Autoloader.php(219): CodeIgniter\Autoloader\Autoloader->loadInNamespace('App\\Controllers...')
#2 [internal function]: CodeIgniter\Autoloader\Autoloader->loadClass('App\\Controllers...')
#3 [internal function]: spl_autoload_call('App\\Controllers...')
#4 C:\xampp\htdocs\pendataan_bengkel\system\CodeIgniter.php(797): class_exists('\\App\\Controller...', true)
#5 C:\xampp\htdocs\pendataan_bengkel\system\CodeIgniter.php(406): CodeIgniter\CodeIgniter->startController()
#6 C:\xampp\htdocs\pendataan_bengkel\system\CodeIgniter.php(326): CodeIgniter\CodeIgniter->handleRequest(NULL, Object(Config\Cache), false)
#7 C:\xampp\htdocs\pendataan_bengkel\public\index.php(37): CodeIgniter\CodeIgniter->run()
#8 C:\xampp\htdocs\pendataan_bengkel\system\Commands\Server\rewrite.php(43): require_once('C:\\xampp\\htdocs...')
#9 {main}
CRITICAL - 2023-10-20 06:01:24 --> syntax error, unexpected '$kui' (T_VARIABLE), expecting identifier (T_STRING)
#0 C:\xampp\htdocs\pendataan_bengkel\system\Autoloader\Autoloader.php(241): CodeIgniter\Autoloader\Autoloader->includeFile('C:\\xampp\\htdocs...')
#1 C:\xampp\htdocs\pendataan_bengkel\system\Autoloader\Autoloader.php(219): CodeIgniter\Autoloader\Autoloader->loadInNamespace('App\\Controllers...')
#2 [internal function]: CodeIgniter\Autoloader\Autoloader->loadClass('App\\Controllers...')
#3 [internal function]: spl_autoload_call('App\\Controllers...')
#4 C:\xampp\htdocs\pendataan_bengkel\system\CodeIgniter.php(797): class_exists('\\App\\Controller...', true)
#5 C:\xampp\htdocs\pendataan_bengkel\system\CodeIgniter.php(406): CodeIgniter\CodeIgniter->startController()
#6 C:\xampp\htdocs\pendataan_bengkel\system\CodeIgniter.php(326): CodeIgniter\CodeIgniter->handleRequest(NULL, Object(Config\Cache), false)
#7 C:\xampp\htdocs\pendataan_bengkel\public\index.php(37): CodeIgniter\CodeIgniter->run()
#8 C:\xampp\htdocs\pendataan_bengkel\system\Commands\Server\rewrite.php(43): require_once('C:\\xampp\\htdocs...')
#9 {main}
CRITICAL - 2023-10-20 06:02:14 --> syntax error, unexpected '$kui' (T_VARIABLE), expecting identifier (T_STRING)
#0 C:\xampp\htdocs\pendataan_bengkel\system\Autoloader\Autoloader.php(241): CodeIgniter\Autoloader\Autoloader->includeFile('C:\\xampp\\htdocs...')
#1 C:\xampp\htdocs\pendataan_bengkel\system\Autoloader\Autoloader.php(219): CodeIgniter\Autoloader\Autoloader->loadInNamespace('App\\Controllers...')
#2 [internal function]: CodeIgniter\Autoloader\Autoloader->loadClass('App\\Controllers...')
#3 [internal function]: spl_autoload_call('App\\Controllers...')
#4 C:\xampp\htdocs\pendataan_bengkel\system\CodeIgniter.php(797): class_exists('\\App\\Controller...', true)
#5 C:\xampp\htdocs\pendataan_bengkel\system\CodeIgniter.php(406): CodeIgniter\CodeIgniter->startController()
#6 C:\xampp\htdocs\pendataan_bengkel\system\CodeIgniter.php(326): CodeIgniter\CodeIgniter->handleRequest(NULL, Object(Config\Cache), false)
#7 C:\xampp\htdocs\pendataan_bengkel\public\index.php(37): CodeIgniter\CodeIgniter->run()
#8 C:\xampp\htdocs\pendataan_bengkel\system\Commands\Server\rewrite.php(43): require_once('C:\\xampp\\htdocs...')
#9 {main}
CRITICAL - 2023-10-20 06:02:25 --> syntax error, unexpected '$kui' (T_VARIABLE), expecting identifier (T_STRING)
#0 C:\xampp\htdocs\pendataan_bengkel\system\Autoloader\Autoloader.php(241): CodeIgniter\Autoloader\Autoloader->includeFile('C:\\xampp\\htdocs...')
#1 C:\xampp\htdocs\pendataan_bengkel\system\Autoloader\Autoloader.php(219): CodeIgniter\Autoloader\Autoloader->loadInNamespace('App\\Controllers...')
#2 [internal function]: CodeIgniter\Autoloader\Autoloader->loadClass('App\\Controllers...')
#3 [internal function]: spl_autoload_call('App\\Controllers...')
#4 C:\xampp\htdocs\pendataan_bengkel\system\CodeIgniter.php(797): class_exists('\\App\\Controller...', true)
#5 C:\xampp\htdocs\pendataan_bengkel\system\CodeIgniter.php(406): CodeIgniter\CodeIgniter->startController()
#6 C:\xampp\htdocs\pendataan_bengkel\system\CodeIgniter.php(326): CodeIgniter\CodeIgniter->handleRequest(NULL, Object(Config\Cache), false)
#7 C:\xampp\htdocs\pendataan_bengkel\public\index.php(37): CodeIgniter\CodeIgniter->run()
#8 C:\xampp\htdocs\pendataan_bengkel\system\Commands\Server\rewrite.php(43): require_once('C:\\xampp\\htdocs...')
#9 {main}
CRITICAL - 2023-10-20 06:03:24 --> syntax error, unexpected '$kui' (T_VARIABLE), expecting identifier (T_STRING)
#0 C:\xampp\htdocs\pendataan_bengkel\system\Autoloader\Autoloader.php(241): CodeIgniter\Autoloader\Autoloader->includeFile('C:\\xampp\\htdocs...')
#1 C:\xampp\htdocs\pendataan_bengkel\system\Autoloader\Autoloader.php(219): CodeIgniter\Autoloader\Autoloader->loadInNamespace('App\\Controllers...')
#2 [internal function]: CodeIgniter\Autoloader\Autoloader->loadClass('App\\Controllers...')
#3 [internal function]: spl_autoload_call('App\\Controllers...')
#4 C:\xampp\htdocs\pendataan_bengkel\system\CodeIgniter.php(797): class_exists('\\App\\Controller...', true)
#5 C:\xampp\htdocs\pendataan_bengkel\system\CodeIgniter.php(406): CodeIgniter\CodeIgniter->startController()
#6 C:\xampp\htdocs\pendataan_bengkel\system\CodeIgniter.php(326): CodeIgniter\CodeIgniter->handleRequest(NULL, Object(Config\Cache), false)
#7 C:\xampp\htdocs\pendataan_bengkel\public\index.php(37): CodeIgniter\CodeIgniter->run()
#8 C:\xampp\htdocs\pendataan_bengkel\system\Commands\Server\rewrite.php(43): require_once('C:\\xampp\\htdocs...')
#9 {main}
CRITICAL - 2023-10-20 06:04:39 --> syntax error, unexpected '$kui' (T_VARIABLE), expecting identifier (T_STRING)
#0 C:\xampp\htdocs\pendataan_bengkel\system\Autoloader\Autoloader.php(241): CodeIgniter\Autoloader\Autoloader->includeFile('C:\\xampp\\htdocs...')
#1 C:\xampp\htdocs\pendataan_bengkel\system\Autoloader\Autoloader.php(219): CodeIgniter\Autoloader\Autoloader->loadInNamespace('App\\Controllers...')
#2 [internal function]: CodeIgniter\Autoloader\Autoloader->loadClass('App\\Controllers...')
#3 [internal function]: spl_autoload_call('App\\Controllers...')
#4 C:\xampp\htdocs\pendataan_bengkel\system\CodeIgniter.php(797): class_exists('\\App\\Controller...', true)
#5 C:\xampp\htdocs\pendataan_bengkel\system\CodeIgniter.php(406): CodeIgniter\CodeIgniter->startController()
#6 C:\xampp\htdocs\pendataan_bengkel\system\CodeIgniter.php(326): CodeIgniter\CodeIgniter->handleRequest(NULL, Object(Config\Cache), false)
#7 C:\xampp\htdocs\pendataan_bengkel\public\index.php(37): CodeIgniter\CodeIgniter->run()
#8 C:\xampp\htdocs\pendataan_bengkel\system\Commands\Server\rewrite.php(43): require_once('C:\\xampp\\htdocs...')
#9 {main}
CRITICAL - 2023-10-20 06:05:51 --> You must set the database table to be used with your query.
#0 C:\xampp\htdocs\pendataan_bengkel\system\Model.php(545): CodeIgniter\Database\BaseConnection->table(NULL)
#1 C:\xampp\htdocs\pendataan_bengkel\system\Model.php(722): CodeIgniter\Model->builder()
#2 C:\xampp\htdocs\pendataan_bengkel\app\Controllers\Home.php(1733): CodeIgniter\Model->__call('superOrderBy', Array)
#3 C:\xampp\htdocs\pendataan_bengkel\system\CodeIgniter.php(832): App\Controllers\Home->add_vehicle_maintenance()
#4 C:\xampp\htdocs\pendataan_bengkel\system\CodeIgniter.php(419): CodeIgniter\CodeIgniter->runController(Object(App\Controllers\Home))
#5 C:\xampp\htdocs\pendataan_bengkel\system\CodeIgniter.php(326): CodeIgniter\CodeIgniter->handleRequest(NULL, Object(Config\Cache), false)
#6 C:\xampp\htdocs\pendataan_bengkel\public\index.php(37): CodeIgniter\CodeIgniter->run()
#7 C:\xampp\htdocs\pendataan_bengkel\system\Commands\Server\rewrite.php(43): require_once('C:\\xampp\\htdocs...')
#8 {main}
CRITICAL - 2023-10-20 06:06:56 --> You must set the database table to be used with your query.
#0 C:\xampp\htdocs\pendataan_bengkel\system\Model.php(545): CodeIgniter\Database\BaseConnection->table(NULL)
#1 C:\xampp\htdocs\pendataan_bengkel\system\Model.php(722): CodeIgniter\Model->builder()
#2 C:\xampp\htdocs\pendataan_bengkel\app\Controllers\Home.php(1733): CodeIgniter\Model->__call('superOrderBy', Array)
#3 C:\xampp\htdocs\pendataan_bengkel\system\CodeIgniter.php(832): App\Controllers\Home->add_vehicle_maintenance()
#4 C:\xampp\htdocs\pendataan_bengkel\system\CodeIgniter.php(419): CodeIgniter\CodeIgniter->runController(Object(App\Controllers\Home))
#5 C:\xampp\htdocs\pendataan_bengkel\system\CodeIgniter.php(326): CodeIgniter\CodeIgniter->handleRequest(NULL, Object(Config\Cache), false)
#6 C:\xampp\htdocs\pendataan_bengkel\public\index.php(37): CodeIgniter\CodeIgniter->run()
#7 C:\xampp\htdocs\pendataan_bengkel\system\Commands\Server\rewrite.php(43): require_once('C:\\xampp\\htdocs...')
#8 {main}
CRITICAL - 2023-10-20 06:06:57 --> You must set the database table to be used with your query.
#0 C:\xampp\htdocs\pendataan_bengkel\system\Model.php(545): CodeIgniter\Database\BaseConnection->table(NULL)
#1 C:\xampp\htdocs\pendataan_bengkel\system\Model.php(722): CodeIgniter\Model->builder()
#2 C:\xampp\htdocs\pendataan_bengkel\app\Controllers\Home.php(1733): CodeIgniter\Model->__call('superOrderBy', Array)
#3 C:\xampp\htdocs\pendataan_bengkel\system\CodeIgniter.php(832): App\Controllers\Home->add_vehicle_maintenance()
#4 C:\xampp\htdocs\pendataan_bengkel\system\CodeIgniter.php(419): CodeIgniter\CodeIgniter->runController(Object(App\Controllers\Home))
#5 C:\xampp\htdocs\pendataan_bengkel\system\CodeIgniter.php(326): CodeIgniter\CodeIgniter->handleRequest(NULL, Object(Config\Cache), false)
#6 C:\xampp\htdocs\pendataan_bengkel\public\index.php(37): CodeIgniter\CodeIgniter->run()
#7 C:\xampp\htdocs\pendataan_bengkel\system\Commands\Server\rewrite.php(43): require_once('C:\\xampp\\htdocs...')
#8 {main}
CRITICAL - 2023-10-20 06:06:57 --> You must set the database table to be used with your query.
#0 C:\xampp\htdocs\pendataan_bengkel\system\Model.php(545): CodeIgniter\Database\BaseConnection->table(NULL)
#1 C:\xampp\htdocs\pendataan_bengkel\system\Model.php(722): CodeIgniter\Model->builder()
#2 C:\xampp\htdocs\pendataan_bengkel\app\Controllers\Home.php(1733): CodeIgniter\Model->__call('superOrderBy', Array)
#3 C:\xampp\htdocs\pendataan_bengkel\system\CodeIgniter.php(832): App\Controllers\Home->add_vehicle_maintenance()
#4 C:\xampp\htdocs\pendataan_bengkel\system\CodeIgniter.php(419): CodeIgniter\CodeIgniter->runController(Object(App\Controllers\Home))
#5 C:\xampp\htdocs\pendataan_bengkel\system\CodeIgniter.php(326): CodeIgniter\CodeIgniter->handleRequest(NULL, Object(Config\Cache), false)
#6 C:\xampp\htdocs\pendataan_bengkel\public\index.php(37): CodeIgniter\CodeIgniter->run()
#7 C:\xampp\htdocs\pendataan_bengkel\system\Commands\Server\rewrite.php(43): require_once('C:\\xampp\\htdocs...')
#8 {main}
CRITICAL - 2023-10-20 06:06:57 --> You must set the database table to be used with your query.
#0 C:\xampp\htdocs\pendataan_bengkel\system\Model.php(545): CodeIgniter\Database\BaseConnection->table(NULL)
#1 C:\xampp\htdocs\pendataan_bengkel\system\Model.php(722): CodeIgniter\Model->builder()
#2 C:\xampp\htdocs\pendataan_bengkel\app\Controllers\Home.php(1733): CodeIgniter\Model->__call('superOrderBy', Array)
#3 C:\xampp\htdocs\pendataan_bengkel\system\CodeIgniter.php(832): App\Controllers\Home->add_vehicle_maintenance()
#4 C:\xampp\htdocs\pendataan_bengkel\system\CodeIgniter.php(419): CodeIgniter\CodeIgniter->runController(Object(App\Controllers\Home))
#5 C:\xampp\htdocs\pendataan_bengkel\system\CodeIgniter.php(326): CodeIgniter\CodeIgniter->handleRequest(NULL, Object(Config\Cache), false)
#6 C:\xampp\htdocs\pendataan_bengkel\public\index.php(37): CodeIgniter\CodeIgniter->run()
#7 C:\xampp\htdocs\pendataan_bengkel\system\Commands\Server\rewrite.php(43): require_once('C:\\xampp\\htdocs...')
#8 {main}
CRITICAL - 2023-10-20 06:17:30 --> syntax error, unexpected 'catch' (T_CATCH), expecting function (T_FUNCTION) or const (T_CONST)
#0 C:\xampp\htdocs\pendataan_bengkel\system\Router\Router.php(175): CodeIgniter\Router\Router->autoRoute('home/vehicle_ma...')
#1 C:\xampp\htdocs\pendataan_bengkel\system\CodeIgniter.php(726): CodeIgniter\Router\Router->handle('home/vehicle_ma...')
#2 C:\xampp\htdocs\pendataan_bengkel\system\CodeIgniter.php(368): CodeIgniter\CodeIgniter->tryToRouteIt(Object(CodeIgniter\Router\RouteCollection))
#3 C:\xampp\htdocs\pendataan_bengkel\system\CodeIgniter.php(326): CodeIgniter\CodeIgniter->handleRequest(NULL, Object(Config\Cache), false)
#4 C:\xampp\htdocs\pendataan_bengkel\public\index.php(37): CodeIgniter\CodeIgniter->run()
#5 C:\xampp\htdocs\pendataan_bengkel\system\Commands\Server\rewrite.php(43): require_once('C:\\xampp\\htdocs...')
#6 {main}
CRITICAL - 2023-10-20 08:21:59 --> Too few arguments to function App\Models\M_model::detail_vm(), 5 passed in C:\xampp\htdocs\pendataan_bengkel\app\Controllers\Home.php on line 1789 and exactly 6 expected
#0 C:\xampp\htdocs\pendataan_bengkel\app\Controllers\Home.php(1789): App\Models\M_model->detail_vm('kendaraan', 'bengkel', 'user', 'kendaraan.id_se...', 'kendaraan.maker...')
#1 C:\xampp\htdocs\pendataan_bengkel\system\CodeIgniter.php(832): App\Controllers\Home->detail_vehicle_maintenance('1')
#2 C:\xampp\htdocs\pendataan_bengkel\system\CodeIgniter.php(419): CodeIgniter\CodeIgniter->runController(Object(App\Controllers\Home))
#3 C:\xampp\htdocs\pendataan_bengkel\system\CodeIgniter.php(326): CodeIgniter\CodeIgniter->handleRequest(NULL, Object(Config\Cache), false)
#4 C:\xampp\htdocs\pendataan_bengkel\public\index.php(37): CodeIgniter\CodeIgniter->run()
#5 C:\xampp\htdocs\pendataan_bengkel\system\Commands\Server\rewrite.php(43): require_once('C:\\xampp\\htdocs...')
#6 {main}
CRITICAL - 2023-10-20 09:42:26 --> Too few arguments to function App\Controllers\Home::approved(), 0 passed in C:\xampp\htdocs\pendataan_bengkel\system\CodeIgniter.php on line 832 and exactly 1 expected
#0 C:\xampp\htdocs\pendataan_bengkel\system\CodeIgniter.php(832): App\Controllers\Home->approved()
#1 C:\xampp\htdocs\pendataan_bengkel\system\CodeIgniter.php(419): CodeIgniter\CodeIgniter->runController(Object(App\Controllers\Home))
#2 C:\xampp\htdocs\pendataan_bengkel\system\CodeIgniter.php(326): CodeIgniter\CodeIgniter->handleRequest(NULL, Object(Config\Cache), false)
#3 C:\xampp\htdocs\pendataan_bengkel\public\index.php(37): CodeIgniter\CodeIgniter->run()
#4 C:\xampp\htdocs\pendataan_bengkel\system\Commands\Server\rewrite.php(43): require_once('C:\\xampp\\htdocs...')
#5 {main}
CRITICAL - 2023-10-20 09:43:27 --> Too few arguments to function App\Controllers\Home::approved(), 0 passed in C:\xampp\htdocs\pendataan_bengkel\system\CodeIgniter.php on line 832 and exactly 1 expected
#0 C:\xampp\htdocs\pendataan_bengkel\system\CodeIgniter.php(832): App\Controllers\Home->approved()
#1 C:\xampp\htdocs\pendataan_bengkel\system\CodeIgniter.php(419): CodeIgniter\CodeIgniter->runController(Object(App\Controllers\Home))
#2 C:\xampp\htdocs\pendataan_bengkel\system\CodeIgniter.php(326): CodeIgniter\CodeIgniter->handleRequest(NULL, Object(Config\Cache), false)
#3 C:\xampp\htdocs\pendataan_bengkel\public\index.php(37): CodeIgniter\CodeIgniter->run()
#4 C:\xampp\htdocs\pendataan_bengkel\system\Commands\Server\rewrite.php(43): require_once('C:\\xampp\\htdocs...')
#5 {main}
CRITICAL - 2023-10-20 09:43:42 --> Too few arguments to function App\Controllers\Home::approved(), 0 passed in C:\xampp\htdocs\pendataan_bengkel\system\CodeIgniter.php on line 832 and exactly 1 expected
#0 C:\xampp\htdocs\pendataan_bengkel\system\CodeIgniter.php(832): App\Controllers\Home->approved()
#1 C:\xampp\htdocs\pendataan_bengkel\system\CodeIgniter.php(419): CodeIgniter\CodeIgniter->runController(Object(App\Controllers\Home))
#2 C:\xampp\htdocs\pendataan_bengkel\system\CodeIgniter.php(326): CodeIgniter\CodeIgniter->handleRequest(NULL, Object(Config\Cache), false)
#3 C:\xampp\htdocs\pendataan_bengkel\public\index.php(37): CodeIgniter\CodeIgniter->run()
#4 C:\xampp\htdocs\pendataan_bengkel\system\Commands\Server\rewrite.php(43): require_once('C:\\xampp\\htdocs...')
#5 {main}
CRITICAL - 2023-10-20 21:51:59 --> Too few arguments to function App\Models\M_model::invoice(), 6 passed in C:\xampp\htdocs\pendataan_bengkel\app\Controllers\Home.php on line 1901 and exactly 7 expected
#0 C:\xampp\htdocs\pendataan_bengkel\app\Controllers\Home.php(1901): App\Models\M_model->invoice('invoice_service', 'kendaraan', 'user', 'invoice_service...', 'invoice_service...', 'tanggal_invoice')
#1 C:\xampp\htdocs\pendataan_bengkel\system\CodeIgniter.php(832): App\Controllers\Home->invoice()
#2 C:\xampp\htdocs\pendataan_bengkel\system\CodeIgniter.php(419): CodeIgniter\CodeIgniter->runController(Object(App\Controllers\Home))
#3 C:\xampp\htdocs\pendataan_bengkel\system\CodeIgniter.php(326): CodeIgniter\CodeIgniter->handleRequest(NULL, Object(Config\Cache), false)
#4 C:\xampp\htdocs\pendataan_bengkel\public\index.php(37): CodeIgniter\CodeIgniter->run()
#5 C:\xampp\htdocs\pendataan_bengkel\system\Commands\Server\rewrite.php(43): require_once('C:\\xampp\\htdocs...')
#6 {main}
ERROR - 2023-10-20 21:52:16 --> Unknown column 'kendaraan' in 'where clause'
CRITICAL - 2023-10-20 21:52:16 --> Call to a member function getResult() on bool
#0 C:\xampp\htdocs\pendataan_bengkel\app\Controllers\Home.php(1901): App\Models\M_model->invoice('invoice_service', 'kendaraan', 'user', 'invoice_service...', 'invoice_service...', 'tanggal_invoice', Array)
#1 C:\xampp\htdocs\pendataan_bengkel\system\CodeIgniter.php(832): App\Controllers\Home->invoice()
#2 C:\xampp\htdocs\pendataan_bengkel\system\CodeIgniter.php(419): CodeIgniter\CodeIgniter->runController(Object(App\Controllers\Home))
#3 C:\xampp\htdocs\pendataan_bengkel\system\CodeIgniter.php(326): CodeIgniter\CodeIgniter->handleRequest(NULL, Object(Config\Cache), false)
#4 C:\xampp\htdocs\pendataan_bengkel\public\index.php(37): CodeIgniter\CodeIgniter->run()
#5 C:\xampp\htdocs\pendataan_bengkel\system\Commands\Server\rewrite.php(43): require_once('C:\\xampp\\htdocs...')
#6 {main}
ERROR - 2023-10-20 21:52:42 --> Unknown column 'kendaraan' in 'where clause'
CRITICAL - 2023-10-20 21:52:42 --> Call to a member function getResult() on bool
#0 C:\xampp\htdocs\pendataan_bengkel\app\Controllers\Home.php(1901): App\Models\M_model->invoice('invoice_service', 'kendaraan', 'user', 'invoice_service...', 'invoice_service...', 'tanggal_invoice', Array)
#1 C:\xampp\htdocs\pendataan_bengkel\system\CodeIgniter.php(832): App\Controllers\Home->invoice()
#2 C:\xampp\htdocs\pendataan_bengkel\system\CodeIgniter.php(419): CodeIgniter\CodeIgniter->runController(Object(App\Controllers\Home))
#3 C:\xampp\htdocs\pendataan_bengkel\system\CodeIgniter.php(326): CodeIgniter\CodeIgniter->handleRequest(NULL, Object(Config\Cache), false)
#4 C:\xampp\htdocs\pendataan_bengkel\public\index.php(37): CodeIgniter\CodeIgniter->run()
#5 C:\xampp\htdocs\pendataan_bengkel\system\Commands\Server\rewrite.php(43): require_once('C:\\xampp\\htdocs...')
#6 {main}
CRITICAL - 2023-10-20 21:56:23 --> Call to a member function getRow() on null
#0 C:\xampp\htdocs\pendataan_bengkel\system\CodeIgniter.php(832): App\Controllers\Home->invoice()
#1 C:\xampp\htdocs\pendataan_bengkel\system\CodeIgniter.php(419): CodeIgniter\CodeIgniter->runController(Object(App\Controllers\Home))
#2 C:\xampp\htdocs\pendataan_bengkel\system\CodeIgniter.php(326): CodeIgniter\CodeIgniter->handleRequest(NULL, Object(Config\Cache), false)
#3 C:\xampp\htdocs\pendataan_bengkel\public\index.php(37): CodeIgniter\CodeIgniter->run()
#4 C:\xampp\htdocs\pendataan_bengkel\system\Commands\Server\rewrite.php(43): require_once('C:\\xampp\\htdocs...')
#5 {main}
CRITICAL - 2023-10-20 22:02:12 --> syntax error, unexpected 'else' (T_ELSE), expecting function (T_FUNCTION) or const (T_CONST)
#0 C:\xampp\htdocs\pendataan_bengkel\system\Router\Router.php(175): CodeIgniter\Router\Router->autoRoute('home/invoice')
#1 C:\xampp\htdocs\pendataan_bengkel\system\CodeIgniter.php(726): CodeIgniter\Router\Router->handle('home/invoice')
#2 C:\xampp\htdocs\pendataan_bengkel\system\CodeIgniter.php(368): CodeIgniter\CodeIgniter->tryToRouteIt(Object(CodeIgniter\Router\RouteCollection))
#3 C:\xampp\htdocs\pendataan_bengkel\system\CodeIgniter.php(326): CodeIgniter\CodeIgniter->handleRequest(NULL, Object(Config\Cache), false)
#4 C:\xampp\htdocs\pendataan_bengkel\public\index.php(37): CodeIgniter\CodeIgniter->run()
#5 C:\xampp\htdocs\pendataan_bengkel\system\Commands\Server\rewrite.php(43): require_once('C:\\xampp\\htdocs...')
#6 {main}
ERROR - 2023-10-20 22:09:02 --> Unknown column 'kendaraan' in 'where clause'
CRITICAL - 2023-10-20 22:09:02 --> Call to a member function getResult() on bool
#0 C:\xampp\htdocs\pendataan_bengkel\app\Controllers\Home.php(1909): App\Models\M_model->invoice('invoice_service', 'kendaraan', 'user', 'invoice_service...', 'invoice_service...', 'tanggal_invoice', Array)
#1 C:\xampp\htdocs\pendataan_bengkel\system\CodeIgniter.php(832): App\Controllers\Home->invoice()
#2 C:\xampp\htdocs\pendataan_bengkel\system\CodeIgniter.php(419): CodeIgniter\CodeIgniter->runController(Object(App\Controllers\Home))
#3 C:\xampp\htdocs\pendataan_bengkel\system\CodeIgniter.php(326): CodeIgniter\CodeIgniter->handleRequest(NULL, Object(Config\Cache), false)
#4 C:\xampp\htdocs\pendataan_bengkel\public\index.php(37): CodeIgniter\CodeIgniter->run()
#5 C:\xampp\htdocs\pendataan_bengkel\system\Commands\Server\rewrite.php(43): require_once('C:\\xampp\\htdocs...')
#6 {main}
ERROR - 2023-10-20 22:09:24 --> Unknown column 'kendaraan' in 'where clause'
CRITICAL - 2023-10-20 22:09:24 --> Call to a member function getResult() on bool
#0 C:\xampp\htdocs\pendataan_bengkel\app\Controllers\Home.php(1909): App\Models\M_model->invoice('invoice_service', 'kendaraan', 'user', 'invoice_service...', 'invoice_service...', 'tanggal_invoice', Array)
#1 C:\xampp\htdocs\pendataan_bengkel\system\CodeIgniter.php(832): App\Controllers\Home->invoice()
#2 C:\xampp\htdocs\pendataan_bengkel\system\CodeIgniter.php(419): CodeIgniter\CodeIgniter->runController(Object(App\Controllers\Home))
#3 C:\xampp\htdocs\pendataan_bengkel\system\CodeIgniter.php(326): CodeIgniter\CodeIgniter->handleRequest(NULL, Object(Config\Cache), false)
#4 C:\xampp\htdocs\pendataan_bengkel\public\index.php(37): CodeIgniter\CodeIgniter->run()
#5 C:\xampp\htdocs\pendataan_bengkel\system\Commands\Server\rewrite.php(43): require_once('C:\\xampp\\htdocs...')
#6 {main}
CRITICAL - 2023-10-20 22:49:53 --> Cannot redeclare App\Controllers\Home::edit_items()
#0 [internal function]: CodeIgniter\Debug\Exceptions->shutdownHandler()
#1 {main}
CRITICAL - 2023-10-20 22:52:04 --> Invalid argument supplied for foreach()
#0 C:\xampp\htdocs\pendataan_bengkel\app\Views\invoice\add_invoice.php(29): CodeIgniter\Debug\Exceptions->errorHandler(2, 'Invalid argumen...', 'C:\\xampp\\htdocs...', 29, Array)
#1 C:\xampp\htdocs\pendataan_bengkel\system\View\View.php(210): include('C:\\xampp\\htdocs...')
#2 C:\xampp\htdocs\pendataan_bengkel\system\View\View.php(213): CodeIgniter\View\View->CodeIgniter\View\{closure}()
#3 C:\xampp\htdocs\pendataan_bengkel\system\Common.php(1089): CodeIgniter\View\View->render('invoice/add_inv...', Array, true)
#4 C:\xampp\htdocs\pendataan_bengkel\app\Controllers\Home.php(2010): view('invoice/add_inv...')
#5 C:\xampp\htdocs\pendataan_bengkel\system\CodeIgniter.php(832): App\Controllers\Home->paid_invoice('12')
#6 C:\xampp\htdocs\pendataan_bengkel\system\CodeIgniter.php(419): CodeIgniter\CodeIgniter->runController(Object(App\Controllers\Home))
#7 C:\xampp\htdocs\pendataan_bengkel\system\CodeIgniter.php(326): CodeIgniter\CodeIgniter->handleRequest(NULL, Object(Config\Cache), false)
#8 C:\xampp\htdocs\pendataan_bengkel\public\index.php(37): CodeIgniter\CodeIgniter->run()
#9 C:\xampp\htdocs\pendataan_bengkel\system\Commands\Server\rewrite.php(43): require_once('C:\\xampp\\htdocs...')
#10 {main}
CRITICAL - 2023-10-20 22:52:38 --> Invalid argument supplied for foreach()
#0 C:\xampp\htdocs\pendataan_bengkel\app\Views\invoice\add_invoice.php(29): CodeIgniter\Debug\Exceptions->errorHandler(2, 'Invalid argumen...', 'C:\\xampp\\htdocs...', 29, Array)
#1 C:\xampp\htdocs\pendataan_bengkel\system\View\View.php(210): include('C:\\xampp\\htdocs...')
#2 C:\xampp\htdocs\pendataan_bengkel\system\View\View.php(213): CodeIgniter\View\View->CodeIgniter\View\{closure}()
#3 C:\xampp\htdocs\pendataan_bengkel\system\Common.php(1089): CodeIgniter\View\View->render('invoice/add_inv...', Array, true)
#4 C:\xampp\htdocs\pendataan_bengkel\app\Controllers\Home.php(2010): view('invoice/add_inv...')
#5 C:\xampp\htdocs\pendataan_bengkel\system\CodeIgniter.php(832): App\Controllers\Home->paid_invoice('12')
#6 C:\xampp\htdocs\pendataan_bengkel\system\CodeIgniter.php(419): CodeIgniter\CodeIgniter->runController(Object(App\Controllers\Home))
#7 C:\xampp\htdocs\pendataan_bengkel\system\CodeIgniter.php(326): CodeIgniter\CodeIgniter->handleRequest(NULL, Object(Config\Cache), false)
#8 C:\xampp\htdocs\pendataan_bengkel\public\index.php(37): CodeIgniter\CodeIgniter->run()
#9 C:\xampp\htdocs\pendataan_bengkel\system\Commands\Server\rewrite.php(43): require_once('C:\\xampp\\htdocs...')
#10 {main}
CRITICAL - 2023-10-20 23:05:05 --> Cannot redeclare App\Controllers\Home::aksi_edit_ikan()
#0 [internal function]: CodeIgniter\Debug\Exceptions->shutdownHandler()
#1 {main}
ERROR - 2023-10-20 23:31:31 --> Unknown column 'kendaraan.barang_laporan' in 'where clause'
CRITICAL - 2023-10-20 23:31:31 --> Call to a member function getResult() on bool
#0 C:\xampp\htdocs\pendataan_bengkel\app\Controllers\Home.php(1642): App\Models\M_model->filter_items('kendaraan', '', '')
#1 C:\xampp\htdocs\pendataan_bengkel\system\CodeIgniter.php(832): App\Controllers\Home->print_vehicle_maintenance()
#2 C:\xampp\htdocs\pendataan_bengkel\system\CodeIgniter.php(419): CodeIgniter\CodeIgniter->runController(Object(App\Controllers\Home))
#3 C:\xampp\htdocs\pendataan_bengkel\system\CodeIgniter.php(326): CodeIgniter\CodeIgniter->handleRequest(NULL, Object(Config\Cache), false)
#4 C:\xampp\htdocs\pendataan_bengkel\public\index.php(37): CodeIgniter\CodeIgniter->run()
#5 C:\xampp\htdocs\pendataan_bengkel\system\Commands\Server\rewrite.php(43): require_once('C:\\xampp\\htdocs...')
#6 {main}
ERROR - 2023-10-20 23:31:35 --> Unknown column 'kendaraan.barang_laporan' in 'where clause'
CRITICAL - 2023-10-20 23:31:35 --> Call to a member function getResult() on bool
#0 C:\xampp\htdocs\pendataan_bengkel\app\Controllers\Home.php(1669): App\Models\M_model->filter_items('kendaraan', '', '')
#1 C:\xampp\htdocs\pendataan_bengkel\system\CodeIgniter.php(832): App\Controllers\Home->pdf_vehicle_maintenance()
#2 C:\xampp\htdocs\pendataan_bengkel\system\CodeIgniter.php(419): CodeIgniter\CodeIgniter->runController(Object(App\Controllers\Home))
#3 C:\xampp\htdocs\pendataan_bengkel\system\CodeIgniter.php(326): CodeIgniter\CodeIgniter->handleRequest(NULL, Object(Config\Cache), false)
#4 C:\xampp\htdocs\pendataan_bengkel\public\index.php(37): CodeIgniter\CodeIgniter->run()
#5 C:\xampp\htdocs\pendataan_bengkel\system\Commands\Server\rewrite.php(43): require_once('C:\\xampp\\htdocs...')
#6 {main}
CRITICAL - 2023-10-20 23:36:16 --> syntax error, unexpected ')'
#0 C:\xampp\htdocs\pendataan_bengkel\system\Router\Router.php(175): CodeIgniter\Router\Router->autoRoute('home/vehicle_ma...')
#1 C:\xampp\htdocs\pendataan_bengkel\system\CodeIgniter.php(726): CodeIgniter\Router\Router->handle('home/vehicle_ma...')
#2 C:\xampp\htdocs\pendataan_bengkel\system\CodeIgniter.php(368): CodeIgniter\CodeIgniter->tryToRouteIt(Object(CodeIgniter\Router\RouteCollection))
#3 C:\xampp\htdocs\pendataan_bengkel\system\CodeIgniter.php(326): CodeIgniter\CodeIgniter->handleRequest(NULL, Object(Config\Cache), false)
#4 C:\xampp\htdocs\pendataan_bengkel\public\index.php(37): CodeIgniter\CodeIgniter->run()
#5 C:\xampp\htdocs\pendataan_bengkel\system\Commands\Server\rewrite.php(43): require_once('C:\\xampp\\htdocs...')
#6 {main}
